<?xml version="1.0" encoding="UTF-8"?>
<!-- Generated by org.testng.reporters.JUnitReportReporter -->
<testsuite hostname="DESKTOP-QJLSV9M" failures="0" tests="4" name="api.test.UserTest" time="8.432" errors="0" timestamp="2023-04-26T16:20:14 IST" skipped="0">
  <testcase classname="api.test.UserTest" name="testpostuser" time="3.875"/>
  <system-out/>
  <testcase classname="api.test.UserTest" name="testgetuserbyusername" time="1.117"/>
  <system-out/>
  <testcase classname="api.test.UserTest" name="testgetupdatebyusername" time="2.279"/>
  <system-out/>
  <testcase classname="api.test.UserTest" name="testdeleteuserbyname" time="1.161"/>
  <system-out/>
</testsuite> <!-- api.test.UserTest -->
