<?xml version="1.0" encoding="UTF-8"?>
<!-- Generated by org.testng.reporters.JUnitReportReporter -->
<testsuite hostname="DESKTOP-QJLSV9M" failures="0" tests="1" name="com.factoApi.RestApiTest" time="1.016" errors="1" timestamp="2023-05-06T11:18:28 IST" skipped="0">
  <testcase classname="com.factoApi.RestApiTest" name="ApiTestMethod" time="1.016">
    <error message="
[public void com.factoApi.RestApiTest.ApiTestMethod(java.lang.String,java.lang.String,java.lang.String,double,java.lang.String)] has no parameters defined but was found to be using a data provider (either explicitly specified or inherited from class level annotation).
Data provider mismatch
Method: ApiTestMethod([java.lang.String arg0, java.lang.String arg1, java.lang.String arg2, double arg3, java.lang.String arg4])
Arguments: [(java.lang.String) Post,(java.lang.String) https://91fjgvixl9.execute-api.ap-south-1.amazonaws.com/testing/v1/fetchAllClients,(java.lang.String) &quot;&quot;,(java.lang.Double) 200.0,(java.lang.String) kavya,null]" type="org.testng.internal.reflect.MethodMatcherException">
      <![CDATA[org.testng.internal.reflect.MethodMatcherException: 
[public void com.factoApi.RestApiTest.ApiTestMethod(java.lang.String,java.lang.String,java.lang.String,double,java.lang.String)] has no parameters defined but was found to be using a data provider (either explicitly specified or inherited from class level annotation).
Data provider mismatch
Method: ApiTestMethod([java.lang.String arg0, java.lang.String arg1, java.lang.String arg2, double arg3, java.lang.String arg4])
Arguments: [(java.lang.String) Post,(java.lang.String) https://91fjgvixl9.execute-api.ap-south-1.amazonaws.com/testing/v1/fetchAllClients,(java.lang.String) "",(java.lang.Double) 200.0,(java.lang.String) kavya,null]
at org.testng.internal.reflect.DataProviderMethodMatcher.getConformingArguments(DataProviderMethodMatcher.java:46)
at org.testng.internal.Parameters.injectParameters(Parameters.java:909)
at org.testng.internal.invokers.MethodRunner.runInSequence(MethodRunner.java:37)
at org.testng.internal.invokers.TestInvoker$MethodInvocationAgent.invoke(TestInvoker.java:969)
at org.testng.internal.invokers.TestInvoker.invokeTestMethods(TestInvoker.java:194)
at org.testng.internal.invokers.TestMethodWorker.invokeTestMethods(TestMethodWorker.java:148)
at org.testng.internal.invokers.TestMethodWorker.run(TestMethodWorker.java:128)
at java.base/java.util.ArrayList.forEach(ArrayList.java:1511)
at org.testng.TestRunner.privateRun(TestRunner.java:829)
at org.testng.TestRunner.run(TestRunner.java:602)
at org.testng.SuiteRunner.runTest(SuiteRunner.java:437)
at org.testng.SuiteRunner.runSequentially(SuiteRunner.java:431)
at org.testng.SuiteRunner.privateRun(SuiteRunner.java:391)
at org.testng.SuiteRunner.run(SuiteRunner.java:330)
at org.testng.SuiteRunnerWorker.runSuite(SuiteRunnerWorker.java:52)
at org.testng.SuiteRunnerWorker.run(SuiteRunnerWorker.java:95)
at org.testng.TestNG.runSuitesSequentially(TestNG.java:1256)
at org.testng.TestNG.runSuitesLocally(TestNG.java:1176)
at org.testng.TestNG.runSuites(TestNG.java:1099)
at org.testng.TestNG.run(TestNG.java:1067)
at org.testng.remote.AbstractRemoteTestNG.run(AbstractRemoteTestNG.java:115)
at org.testng.remote.RemoteTestNG.initAndRun(RemoteTestNG.java:251)
at org.testng.remote.RemoteTestNG.main(RemoteTestNG.java:77)
]]>
    </error>
  </testcase> <!-- ApiTestMethod -->
  <system-out/>
</testsuite> <!-- com.factoApi.RestApiTest -->
