<?xml version="1.0" encoding="UTF-8"?>
<!-- Generated by org.testng.reporters.JUnitReportReporter -->
<testsuite hostname="DESKTOP-QJLSV9M" failures="0" tests="2" name="getrequest.RestAssuredAPITest" time="4.291" errors="0" timestamp="2023-05-03T12:50:11 IST" skipped="0">
  <testcase classname="getrequest.RestAssuredAPITest" name="queryParameter" time="1.433"/>
  <system-out/>
  <testcase classname="getrequest.RestAssuredAPITest" name="GetBooksDetails" time="2.858"/>
  <system-out/>
</testsuite> <!-- getrequest.RestAssuredAPITest -->
