<?xml version="1.0" encoding="UTF-8"?>
<!-- Generated by org.testng.reporters.JUnitReportReporter -->
<testsuite hostname="DESKTOP-QJLSV9M" failures="0" tests="1" name="getrequest.Putmethod" time="3.132" errors="0" timestamp="2023-04-28T09:34:29 IST" skipped="0">
  <testcase classname="getrequest.Putmethod" name="updateUser" time="3.132"/>
  <system-out/>
</testsuite> <!-- getrequest.Putmethod -->
