<?xml version="1.0" encoding="UTF-8"?>
<!-- Generated by org.testng.reporters.JUnitReportReporter -->
<testsuite hostname="DESKTOP-QJLSV9M" failures="0" tests="2" name="com.w2a.zoho.utilities.ExcelDataProviderReader" time="5.491" errors="0" timestamp="2023-05-06T12:32:16 IST" skipped="0">
  <testcase classname="com.w2a.zoho.utilities.ExcelDataProviderReader" name="LoginjwtToken" time="4.975"/>
  <system-out/>
  <testcase classname="com.w2a.zoho.utilities.ExcelDataProviderReader" name="myTest" time="0.516"/>
  <system-out>
    <![CDATA[status code is 200expected200.0]]>
  </system-out>
</testsuite> <!-- com.w2a.zoho.utilities.ExcelDataProviderReader -->
