<?xml version="1.0" encoding="UTF-8"?>
<!-- Generated by org.testng.reporters.JUnitReportReporter -->
<testsuite hostname="DESKTOP-QJLSV9M" failures="0" tests="4" name="com.facto.restapi.FactoApi" time="29.610" errors="0" timestamp="2023-05-09T16:12:27 IST" skipped="0">
  <testcase classname="com.facto.restapi.FactoApi" name="myTest" time="5.662"/>
  <system-out>
    <![CDATA[status code is =========200expected========200.0]]>
  </system-out>
  <testcase classname="com.facto.restapi.FactoApi" name="myTest" time="5.868"/>
  <system-out>
    <![CDATA[status code is =========200expected========200.0]]>
  </system-out>
  <testcase classname="com.facto.restapi.FactoApi" name="myTest" time="12.657"/>
  <system-out>
    <![CDATA[status code is =========200expected========200.0]]>
  </system-out>
  <testcase classname="com.facto.restapi.FactoApi" name="myTest" time="5.423"/>
  <system-out>
    <![CDATA[status code is =========200expected========200.0]]>
  </system-out>
</testsuite> <!-- com.facto.restapi.FactoApi -->
