<?xml version="1.0" encoding="UTF-8"?>
<!-- Generated by org.testng.reporters.JUnitReportReporter -->
<testsuite hostname="DESKTOP-QJLSV9M" failures="0" tests="1" name="getrequest.MyTests" time="2.872" errors="0" timestamp="2023-04-27T16:13:37 IST" skipped="0">
  <testcase classname="getrequest.MyTests" name="createUser" time="2.872"/>
  <system-out/>
</testsuite> <!-- getrequest.MyTests -->
