<?xml version="1.0" encoding="UTF-8"?>
<!-- Generated by org.testng.reporters.JUnitReportReporter -->
<testsuite hostname="DESKTOP-QJLSV9M" failures="0" tests="2" name="api.utilies.Datasample$ExcelReaderDataProviderExample" time="0.021" errors="0" timestamp="2023-04-27T13:06:22 IST" skipped="0">
  <testcase classname="api.utilies.Datasample$ExcelReaderDataProviderExample" name="testExcelData" time="0.017"/>
  <system-out/>
  <testcase classname="api.utilies.Datasample$ExcelReaderDataProviderExample" name="testExcelData" time="0.004"/>
  <system-out/>
</testsuite> <!-- api.utilies.Datasample$ExcelReaderDataProviderExample -->
