<?xml version="1.0" encoding="UTF-8"?>
<!-- Generated by org.testng.reporters.JUnitReportReporter -->
<testsuite hostname="DESKTOP-QJLSV9M" failures="0" tests="110" name="com.Raffloux.ApiTest.ApiLoginPNRaffloux" time="52.303" errors="0" timestamp="2023-05-30T12:24:13 IST" skipped="0">
  <testcase classname="com.Raffloux.ApiTest.ApiLoginPNRaffloux" name="RestApiLoginValidations" time="7.821"/>
  <system-out>
    <![CDATA[Actual Response body =>eyJhbGciOiJIUzI1NiIsInR5cCI6IkpXVCJ9.eyJ1c2VyX2lkIjoxNTEwNjMsInVzZXJfZW1haWwiOiJ2ZWVyYS5yYWdoYXZhbkByaGliaHVzLmNvbSIsInVzZXJfZmlyc3RfbmFtZSI6InZlZXJhIiwidXNlcl9sYXN0X25hbWUiOiJyYWdoYXZhbiIsImlhdCI6MTY4NTQyOTYwNX0.F92soyTNsa7K8Ncs8QndCjX6n5YyQt1jy10MgeeKOg4=>Expected Response Body is=>eyJ1c2VyX2lkIjoxNTEwNjMsInVzZXJfZW1haWwiOiJ2ZWVyYS5yYWdoYXZhbkByaGliaHVzLmNvbSIsInVzZXJfZmlyc3RfbmFtZSI6InZlZXJhIiwidXNlcl9sYXN0X25hbWUiOiJyYWdoYXZhbiIsImlhdCI6MTY4NTMzMjEwM30]]>
  </system-out>
  <testcase classname="com.Raffloux.ApiTest.ApiLoginPNRaffloux" name="RestApiLoginValidations" time="0.203"/>
  <system-out/>
  <testcase classname="com.Raffloux.ApiTest.ApiLoginPNRaffloux" name="RestApiLoginValidations" time="0.742"/>
  <system-out/>
  <testcase classname="com.Raffloux.ApiTest.ApiLoginPNRaffloux" name="RestApiLoginValidations" time="0.210"/>
  <system-out/>
  <testcase classname="com.Raffloux.ApiTest.ApiLoginPNRaffloux" name="RestApiLoginValidations" time="0.214"/>
  <system-out/>
  <testcase classname="com.Raffloux.ApiTest.ApiLoginPNRaffloux" name="RestApiLoginValidations" time="0.180"/>
  <system-out/>
  <testcase classname="com.Raffloux.ApiTest.ApiLoginPNRaffloux" name="RestApiLoginValidations" time="0.223"/>
  <system-out/>
  <testcase classname="com.Raffloux.ApiTest.ApiLoginPNRaffloux" name="RestApiLoginValidations" time="0.974"/>
  <system-out/>
  <testcase classname="com.Raffloux.ApiTest.ApiLoginPNRaffloux" name="RestApiLoginValidations" time="0.201"/>
  <system-out/>
  <testcase classname="com.Raffloux.ApiTest.ApiLoginPNRaffloux" name="RestApiLoginValidations" time="0.182"/>
  <system-out/>
  <testcase classname="com.Raffloux.ApiTest.ApiLoginPNRaffloux" name="RestApiLoginValidations" time="0.930"/>
  <system-out/>
  <testcase classname="com.Raffloux.ApiTest.ApiLoginPNRaffloux" name="RestApiLoginValidations" time="0.549"/>
  <system-out/>
  <testcase classname="com.Raffloux.ApiTest.ApiLoginPNRaffloux" name="RestApiLoginValidations" time="0.484"/>
  <system-out/>
  <testcase classname="com.Raffloux.ApiTest.ApiLoginPNRaffloux" name="RestApiLoginValidations" time="0.453"/>
  <system-out/>
  <testcase classname="com.Raffloux.ApiTest.ApiLoginPNRaffloux" name="RestApiLoginValidations" time="0.409"/>
  <system-out/>
  <testcase classname="com.Raffloux.ApiTest.ApiLoginPNRaffloux" name="RestApiLoginValidations" time="0.311"/>
  <system-out/>
  <testcase classname="com.Raffloux.ApiTest.ApiLoginPNRaffloux" name="RestApiLoginValidations" time="1.191"/>
  <system-out/>
  <testcase classname="com.Raffloux.ApiTest.ApiLoginPNRaffloux" name="RestApiLoginValidations" time="0.487"/>
  <system-out/>
  <testcase classname="com.Raffloux.ApiTest.ApiLoginPNRaffloux" name="RestApiLoginValidations" time="0.183"/>
  <system-out/>
  <testcase classname="com.Raffloux.ApiTest.ApiLoginPNRaffloux" name="RestApiLoginValidations" time="0.301"/>
  <system-out/>
  <testcase classname="com.Raffloux.ApiTest.ApiLoginPNRaffloux" name="RestApiLoginValidations" time="0.204"/>
  <system-out/>
  <testcase classname="com.Raffloux.ApiTest.ApiLoginPNRaffloux" name="RestApiLoginValidations" time="0.220"/>
  <system-out/>
  <testcase classname="com.Raffloux.ApiTest.ApiLoginPNRaffloux" name="RestApiLoginValidations" time="0.586"/>
  <system-out/>
  <testcase classname="com.Raffloux.ApiTest.ApiLoginPNRaffloux" name="RestApiLoginValidations" time="0.250"/>
  <system-out/>
  <testcase classname="com.Raffloux.ApiTest.ApiLoginPNRaffloux" name="RestApiLoginValidations" time="0.199"/>
  <system-out/>
  <testcase classname="com.Raffloux.ApiTest.ApiLoginPNRaffloux" name="RestApiLoginValidations" time="0.522"/>
  <system-out/>
  <testcase classname="com.Raffloux.ApiTest.ApiLoginPNRaffloux" name="RestApiLoginValidations" time="0.442"/>
  <system-out/>
  <testcase classname="com.Raffloux.ApiTest.ApiLoginPNRaffloux" name="RestApiLoginValidations" time="0.319"/>
  <system-out/>
  <testcase classname="com.Raffloux.ApiTest.ApiLoginPNRaffloux" name="RestApiLoginValidations" time="0.454"/>
  <system-out/>
  <testcase classname="com.Raffloux.ApiTest.ApiLoginPNRaffloux" name="RestApiLoginValidations" time="0.470"/>
  <system-out/>
  <testcase classname="com.Raffloux.ApiTest.ApiLoginPNRaffloux" name="RestApiLoginValidations" time="0.519"/>
  <system-out/>
  <testcase classname="com.Raffloux.ApiTest.ApiLoginPNRaffloux" name="RestApiLoginValidations" time="0.668"/>
  <system-out/>
  <testcase classname="com.Raffloux.ApiTest.ApiLoginPNRaffloux" name="RestApiLoginValidations" time="0.656"/>
  <system-out/>
  <testcase classname="com.Raffloux.ApiTest.ApiLoginPNRaffloux" name="RestApiLoginValidations" time="0.534"/>
  <system-out/>
  <testcase classname="com.Raffloux.ApiTest.ApiLoginPNRaffloux" name="RestApiLoginValidations" time="0.194"/>
  <system-out/>
  <testcase classname="com.Raffloux.ApiTest.ApiLoginPNRaffloux" name="RestApiLoginValidations" time="0.767"/>
  <system-out/>
  <testcase classname="com.Raffloux.ApiTest.ApiLoginPNRaffloux" name="RestApiLoginValidations" time="0.202"/>
  <system-out/>
  <testcase classname="com.Raffloux.ApiTest.ApiLoginPNRaffloux" name="RestApiLoginValidations" time="0.950"/>
  <system-out/>
  <testcase classname="com.Raffloux.ApiTest.ApiLoginPNRaffloux" name="RestApiLoginValidations" time="0.523"/>
  <system-out/>
  <testcase classname="com.Raffloux.ApiTest.ApiLoginPNRaffloux" name="RestApiLoginValidations" time="0.409"/>
  <system-out/>
  <testcase classname="com.Raffloux.ApiTest.ApiLoginPNRaffloux" name="RestApiLoginValidations" time="0.293"/>
  <system-out/>
  <testcase classname="com.Raffloux.ApiTest.ApiLoginPNRaffloux" name="RestApiLoginValidations" time="0.536"/>
  <system-out/>
  <testcase classname="com.Raffloux.ApiTest.ApiLoginPNRaffloux" name="RestApiLoginValidations" time="0.570"/>
  <system-out/>
  <testcase classname="com.Raffloux.ApiTest.ApiLoginPNRaffloux" name="RestApiLoginValidations" time="0.204"/>
  <system-out/>
  <testcase classname="com.Raffloux.ApiTest.ApiLoginPNRaffloux" name="RestApiLoginValidations" time="0.243"/>
  <system-out/>
  <testcase classname="com.Raffloux.ApiTest.ApiLoginPNRaffloux" name="RestApiLoginValidations" time="0.508"/>
  <system-out/>
  <testcase classname="com.Raffloux.ApiTest.ApiLoginPNRaffloux" name="RestApiLoginValidations" time="0.192"/>
  <system-out/>
  <testcase classname="com.Raffloux.ApiTest.ApiLoginPNRaffloux" name="RestApiLoginValidations" time="0.280"/>
  <system-out/>
  <testcase classname="com.Raffloux.ApiTest.ApiLoginPNRaffloux" name="RestApiLoginValidations" time="0.470"/>
  <system-out/>
  <testcase classname="com.Raffloux.ApiTest.ApiLoginPNRaffloux" name="RestApiLoginValidations" time="0.211"/>
  <system-out/>
  <testcase classname="com.Raffloux.ApiTest.ApiLoginPNRaffloux" name="RestApiLoginValidations" time="0.191"/>
  <system-out/>
  <testcase classname="com.Raffloux.ApiTest.ApiLoginPNRaffloux" name="RestApiLoginValidations" time="0.200"/>
  <system-out/>
  <testcase classname="com.Raffloux.ApiTest.ApiLoginPNRaffloux" name="RestApiLoginValidations" time="0.426"/>
  <system-out/>
  <testcase classname="com.Raffloux.ApiTest.ApiLoginPNRaffloux" name="RestApiLoginValidations" time="0.493"/>
  <system-out/>
  <testcase classname="com.Raffloux.ApiTest.ApiLoginPNRaffloux" name="RestApiLoginValidations" time="0.176"/>
  <system-out/>
  <testcase classname="com.Raffloux.ApiTest.ApiLoginPNRaffloux" name="RestApiLoginValidations" time="0.380"/>
  <system-out/>
  <testcase classname="com.Raffloux.ApiTest.ApiLoginPNRaffloux" name="RestApiLoginValidations" time="0.208"/>
  <system-out/>
  <testcase classname="com.Raffloux.ApiTest.ApiLoginPNRaffloux" name="RestApiLoginValidations" time="0.312"/>
  <system-out/>
  <testcase classname="com.Raffloux.ApiTest.ApiLoginPNRaffloux" name="RestApiLoginValidations" time="0.466"/>
  <system-out/>
  <testcase classname="com.Raffloux.ApiTest.ApiLoginPNRaffloux" name="RestApiLoginValidations" time="0.191"/>
  <system-out/>
  <testcase classname="com.Raffloux.ApiTest.ApiLoginPNRaffloux" name="RestApiLoginValidations" time="0.196"/>
  <system-out/>
  <testcase classname="com.Raffloux.ApiTest.ApiLoginPNRaffloux" name="RestApiLoginValidations" time="0.311"/>
  <system-out/>
  <testcase classname="com.Raffloux.ApiTest.ApiLoginPNRaffloux" name="RestApiLoginValidations" time="0.696"/>
  <system-out/>
  <testcase classname="com.Raffloux.ApiTest.ApiLoginPNRaffloux" name="RestApiLoginValidations" time="0.301"/>
  <system-out/>
  <testcase classname="com.Raffloux.ApiTest.ApiLoginPNRaffloux" name="RestApiLoginValidations" time="0.218"/>
  <system-out/>
  <testcase classname="com.Raffloux.ApiTest.ApiLoginPNRaffloux" name="RestApiLoginValidations" time="0.186"/>
  <system-out/>
  <testcase classname="com.Raffloux.ApiTest.ApiLoginPNRaffloux" name="RestApiLoginValidations" time="0.211"/>
  <system-out/>
  <testcase classname="com.Raffloux.ApiTest.ApiLoginPNRaffloux" name="RestApiLoginValidations" time="0.504"/>
  <system-out/>
  <testcase classname="com.Raffloux.ApiTest.ApiLoginPNRaffloux" name="RestApiLoginValidations" time="0.292"/>
  <system-out/>
  <testcase classname="com.Raffloux.ApiTest.ApiLoginPNRaffloux" name="RestApiLoginValidations" time="0.634"/>
  <system-out/>
  <testcase classname="com.Raffloux.ApiTest.ApiLoginPNRaffloux" name="RestApiLoginValidations" time="0.209"/>
  <system-out/>
  <testcase classname="com.Raffloux.ApiTest.ApiLoginPNRaffloux" name="RestApiLoginValidations" time="0.473"/>
  <system-out/>
  <testcase classname="com.Raffloux.ApiTest.ApiLoginPNRaffloux" name="RestApiLoginValidations" time="0.304"/>
  <system-out/>
  <testcase classname="com.Raffloux.ApiTest.ApiLoginPNRaffloux" name="RestApiLoginValidations" time="0.349"/>
  <system-out/>
  <testcase classname="com.Raffloux.ApiTest.ApiLoginPNRaffloux" name="RestApiLoginValidations" time="0.263"/>
  <system-out/>
  <testcase classname="com.Raffloux.ApiTest.ApiLoginPNRaffloux" name="RestApiLoginValidations" time="0.565"/>
  <system-out/>
  <testcase classname="com.Raffloux.ApiTest.ApiLoginPNRaffloux" name="RestApiLoginValidations" time="0.727"/>
  <system-out/>
  <testcase classname="com.Raffloux.ApiTest.ApiLoginPNRaffloux" name="RestApiLoginValidations" time="0.514"/>
  <system-out/>
  <testcase classname="com.Raffloux.ApiTest.ApiLoginPNRaffloux" name="RestApiLoginValidations" time="0.350"/>
  <system-out/>
  <testcase classname="com.Raffloux.ApiTest.ApiLoginPNRaffloux" name="RestApiLoginValidations" time="0.561"/>
  <system-out/>
  <testcase classname="com.Raffloux.ApiTest.ApiLoginPNRaffloux" name="RestApiLoginValidations" time="0.631"/>
  <system-out/>
  <testcase classname="com.Raffloux.ApiTest.ApiLoginPNRaffloux" name="RestApiLoginValidations" time="0.502"/>
  <system-out/>
  <testcase classname="com.Raffloux.ApiTest.ApiLoginPNRaffloux" name="RestApiLoginValidations" time="0.537"/>
  <system-out/>
  <testcase classname="com.Raffloux.ApiTest.ApiLoginPNRaffloux" name="RestApiLoginValidations" time="0.757"/>
  <system-out/>
  <testcase classname="com.Raffloux.ApiTest.ApiLoginPNRaffloux" name="RestApiLoginValidations" time="0.411"/>
  <system-out/>
  <testcase classname="com.Raffloux.ApiTest.ApiLoginPNRaffloux" name="RestApiLoginValidations" time="0.588"/>
  <system-out/>
  <testcase classname="com.Raffloux.ApiTest.ApiLoginPNRaffloux" name="RestApiLoginValidations" time="0.294"/>
  <system-out/>
  <testcase classname="com.Raffloux.ApiTest.ApiLoginPNRaffloux" name="RestApiLoginValidations" time="0.439"/>
  <system-out/>
  <testcase classname="com.Raffloux.ApiTest.ApiLoginPNRaffloux" name="RestApiLoginValidations" time="0.430"/>
  <system-out/>
  <testcase classname="com.Raffloux.ApiTest.ApiLoginPNRaffloux" name="RestApiLoginValidations" time="0.283"/>
  <system-out/>
  <testcase classname="com.Raffloux.ApiTest.ApiLoginPNRaffloux" name="RestApiLoginValidations" time="0.223"/>
  <system-out/>
  <testcase classname="com.Raffloux.ApiTest.ApiLoginPNRaffloux" name="RestApiLoginValidations" time="0.201"/>
  <system-out/>
  <testcase classname="com.Raffloux.ApiTest.ApiLoginPNRaffloux" name="RestApiLoginValidations" time="0.620"/>
  <system-out/>
  <testcase classname="com.Raffloux.ApiTest.ApiLoginPNRaffloux" name="RestApiLoginValidations" time="0.639"/>
  <system-out/>
  <testcase classname="com.Raffloux.ApiTest.ApiLoginPNRaffloux" name="RestApiLoginValidations" time="0.204"/>
  <system-out/>
  <testcase classname="com.Raffloux.ApiTest.ApiLoginPNRaffloux" name="RestApiLoginValidations" time="0.183"/>
  <system-out/>
  <testcase classname="com.Raffloux.ApiTest.ApiLoginPNRaffloux" name="RestApiLoginValidations" time="0.216"/>
  <system-out/>
  <testcase classname="com.Raffloux.ApiTest.ApiLoginPNRaffloux" name="RestApiLoginValidations" time="0.220"/>
  <system-out/>
  <testcase classname="com.Raffloux.ApiTest.ApiLoginPNRaffloux" name="RestApiLoginValidations" time="0.440"/>
  <system-out/>
  <testcase classname="com.Raffloux.ApiTest.ApiLoginPNRaffloux" name="RestApiLoginValidations" time="0.195"/>
  <system-out/>
  <testcase classname="com.Raffloux.ApiTest.ApiLoginPNRaffloux" name="RestApiLoginValidations" time="0.382"/>
  <system-out/>
  <testcase classname="com.Raffloux.ApiTest.ApiLoginPNRaffloux" name="RestApiLoginValidations" time="0.936"/>
  <system-out/>
  <testcase classname="com.Raffloux.ApiTest.ApiLoginPNRaffloux" name="RestApiLoginValidations" time="0.543"/>
  <system-out/>
  <testcase classname="com.Raffloux.ApiTest.ApiLoginPNRaffloux" name="RestApiLoginValidations" time="0.208"/>
  <system-out/>
  <testcase classname="com.Raffloux.ApiTest.ApiLoginPNRaffloux" name="RestApiLoginValidations" time="0.845"/>
  <system-out/>
  <testcase classname="com.Raffloux.ApiTest.ApiLoginPNRaffloux" name="RestApiLoginValidations" time="0.519"/>
  <system-out/>
  <testcase classname="com.Raffloux.ApiTest.ApiLoginPNRaffloux" name="RestApiLoginValidations" time="0.244"/>
  <system-out/>
  <testcase classname="com.Raffloux.ApiTest.ApiLoginPNRaffloux" name="RestApiLoginValidations" time="0.422"/>
  <system-out/>
  <testcase classname="com.Raffloux.ApiTest.ApiLoginPNRaffloux" name="RestApiLoginValidations" time="0.198"/>
  <system-out/>
  <testcase classname="com.Raffloux.ApiTest.ApiLoginPNRaffloux" name="RestApiLoginValidations" time="0.243"/>
  <system-out/>
</testsuite> <!-- com.Raffloux.ApiTest.ApiLoginPNRaffloux -->
