<?xml version="1.0" encoding="UTF-8"?>
<!-- Generated by org.testng.reporters.JUnitReportReporter -->
<testsuite hostname="DESKTOP-QJLSV9M" failures="0" tests="87" name="com.Raffloux.ApiTest.ApiTestCasesPNRaffloux" time="102.602" errors="1" timestamp="2023-05-31T09:35:30 IST" skipped="0">
  <testcase classname="com.Raffloux.ApiTest.ApiTestCasesPNRaffloux" name="RestApiLoginValidations" time="12.311"/>
  <system-out>
    <![CDATA[Actual Response body =>eyJhbGciOiJIUzI1NiIsInR5cCI6IkpXVCJ9.eyJ1c2VyX2lkIjoxNTEwNjMsInVzZXJfZW1haWwiOiJ2ZWVyYS5yYWdoYXZhbkByaGliaHVzLmNvbSIsInVzZXJfZmlyc3RfbmFtZSI6InZlZXJhIiwidXNlcl9sYXN0X25hbWUiOiJyYWdoYXZhbiIsImlhdCI6MTY4NTUwNTg4M30.YrnDAA-KczhJgUL6WAQKNqOHIAOAzD4UbBAUWFo-J-k=>Expected Response Body is=>eyJ1c2VyX2lkIjoxNTEwNjMsInVzZXJfZW1haWwiOiJ2ZWVyYS5yYWdoYXZhbkByaGliaHVzLmNvbSIsInVzZXJfZmlyc3RfbmFtZSI6InZlZXJhIiwidXNlcl9sYXN0X25hbWUiOiJyYWdoYXZhbiIsImlhdCI6MTY4NTMzMjEwM30]]>
  </system-out>
  <testcase classname="com.Raffloux.ApiTest.ApiTestCasesPNRaffloux" name="RestApiLoginValidations" time="0.937"/>
  <system-out/>
  <testcase classname="com.Raffloux.ApiTest.ApiTestCasesPNRaffloux" name="RestApiLoginValidations" time="0.620"/>
  <system-out/>
  <testcase classname="com.Raffloux.ApiTest.ApiTestCasesPNRaffloux" name="RestApiLoginValidations" time="0.577"/>
  <system-out/>
  <testcase classname="com.Raffloux.ApiTest.ApiTestCasesPNRaffloux" name="RestApiLoginValidations" time="0.303"/>
  <system-out/>
  <testcase classname="com.Raffloux.ApiTest.ApiTestCasesPNRaffloux" name="RestApiLoginValidations" time="0.267"/>
  <system-out/>
  <testcase classname="com.Raffloux.ApiTest.ApiTestCasesPNRaffloux" name="RestApiLoginValidations" time="0.245"/>
  <system-out/>
  <testcase classname="com.Raffloux.ApiTest.ApiTestCasesPNRaffloux" name="RestApiLoginValidations" time="0.270"/>
  <system-out/>
  <testcase classname="com.Raffloux.ApiTest.ApiTestCasesPNRaffloux" name="RestApiLoginValidations" time="0.254"/>
  <system-out/>
  <testcase classname="com.Raffloux.ApiTest.ApiTestCasesPNRaffloux" name="RestApiLoginValidations" time="0.511"/>
  <system-out/>
  <testcase classname="com.Raffloux.ApiTest.ApiTestCasesPNRaffloux" name="RestApiLoginValidations" time="0.582"/>
  <system-out/>
  <testcase classname="com.Raffloux.ApiTest.ApiTestCasesPNRaffloux" name="RestApiLoginValidations" time="0.619"/>
  <system-out/>
  <testcase classname="com.Raffloux.ApiTest.ApiTestCasesPNRaffloux" name="RestApiLoginValidations" time="0.245"/>
  <system-out/>
  <testcase classname="com.Raffloux.ApiTest.ApiTestCasesPNRaffloux" name="RestApiLoginValidations" time="0.687"/>
  <system-out/>
  <testcase classname="com.Raffloux.ApiTest.ApiTestCasesPNRaffloux" name="RestApiLoginValidations" time="1.163"/>
  <system-out/>
  <testcase classname="com.Raffloux.ApiTest.ApiTestCasesPNRaffloux" name="RestApiLoginValidations" time="0.547"/>
  <system-out/>
  <testcase classname="com.Raffloux.ApiTest.ApiTestCasesPNRaffloux" name="RestApiLoginValidations" time="0.529"/>
  <system-out/>
  <testcase classname="com.Raffloux.ApiTest.ApiTestCasesPNRaffloux" name="RestApiLoginValidations" time="0.260"/>
  <system-out/>
  <testcase classname="com.Raffloux.ApiTest.ApiTestCasesPNRaffloux" name="RestApiLoginValidations" time="0.319"/>
  <system-out/>
  <testcase classname="com.Raffloux.ApiTest.ApiTestCasesPNRaffloux" name="RestApiLoginValidations" time="0.481"/>
  <system-out/>
  <testcase classname="com.Raffloux.ApiTest.ApiTestCasesPNRaffloux" name="RestApiLoginValidations" time="0.286"/>
  <system-out/>
  <testcase classname="com.Raffloux.ApiTest.ApiTestCasesPNRaffloux" name="RestApiLoginValidations" time="0.609"/>
  <system-out/>
  <testcase classname="com.Raffloux.ApiTest.ApiTestCasesPNRaffloux" name="RestApiLoginValidations" time="0.810"/>
  <system-out/>
  <testcase classname="com.Raffloux.ApiTest.ApiTestCasesPNRaffloux" name="RestApiLoginValidations" time="0.699"/>
  <system-out/>
  <testcase classname="com.Raffloux.ApiTest.ApiTestCasesPNRaffloux" name="RestApiLoginValidations" time="0.580"/>
  <system-out/>
  <testcase classname="com.Raffloux.ApiTest.ApiTestCasesPNRaffloux" name="RestApiLoginValidations" time="0.898"/>
  <system-out/>
  <testcase classname="com.Raffloux.ApiTest.ApiTestCasesPNRaffloux" name="RestApiLoginValidations" time="0.852"/>
  <system-out/>
  <testcase classname="com.Raffloux.ApiTest.ApiTestCasesPNRaffloux" name="RestApiLoginValidations" time="0.594"/>
  <system-out/>
  <testcase classname="com.Raffloux.ApiTest.ApiTestCasesPNRaffloux" name="RestApiLoginValidations" time="0.236"/>
  <system-out/>
  <testcase classname="com.Raffloux.ApiTest.ApiTestCasesPNRaffloux" name="RestApiLoginValidations" time="0.635"/>
  <system-out/>
  <testcase classname="com.Raffloux.ApiTest.ApiTestCasesPNRaffloux" name="RestApiLoginValidations" time="0.354"/>
  <system-out/>
  <testcase classname="com.Raffloux.ApiTest.ApiTestCasesPNRaffloux" name="RestApiLoginValidations" time="0.537"/>
  <system-out/>
  <testcase classname="com.Raffloux.ApiTest.ApiTestCasesPNRaffloux" name="RestApiLoginValidations" time="0.254"/>
  <system-out/>
  <testcase classname="com.Raffloux.ApiTest.ApiTestCasesPNRaffloux" name="RestApiLoginValidations" time="0.778"/>
  <system-out/>
  <testcase classname="com.Raffloux.ApiTest.ApiTestCasesPNRaffloux" name="RestApiLoginValidations" time="0.448"/>
  <system-out/>
  <testcase classname="com.Raffloux.ApiTest.ApiTestCasesPNRaffloux" name="RestApiLoginValidations" time="1.331"/>
  <system-out/>
  <testcase classname="com.Raffloux.ApiTest.ApiTestCasesPNRaffloux" name="RestApiLoginValidations" time="1.069"/>
  <system-out/>
  <testcase classname="com.Raffloux.ApiTest.ApiTestCasesPNRaffloux" name="RestApiLoginValidations" time="0.279"/>
  <system-out/>
  <testcase classname="com.Raffloux.ApiTest.ApiTestCasesPNRaffloux" name="RestApiLoginValidations" time="0.558"/>
  <system-out/>
  <testcase classname="com.Raffloux.ApiTest.ApiTestCasesPNRaffloux" name="RestApiLoginValidations" time="0.283"/>
  <system-out/>
  <testcase classname="com.Raffloux.ApiTest.ApiTestCasesPNRaffloux" name="RestApiLoginValidations" time="0.232"/>
  <system-out/>
  <testcase classname="com.Raffloux.ApiTest.ApiTestCasesPNRaffloux" name="RestApiLoginValidations" time="0.636"/>
  <system-out/>
  <testcase classname="com.Raffloux.ApiTest.ApiTestCasesPNRaffloux" name="RestApiLoginValidations" time="0.376"/>
  <system-out/>
  <testcase classname="com.Raffloux.ApiTest.ApiTestCasesPNRaffloux" name="RestApiLoginValidations" time="0.523"/>
  <system-out/>
  <testcase classname="com.Raffloux.ApiTest.ApiTestCasesPNRaffloux" name="RestApiLoginValidations" time="0.640"/>
  <system-out/>
  <testcase classname="com.Raffloux.ApiTest.ApiTestCasesPNRaffloux" name="RestApiLoginValidations" time="0.272"/>
  <system-out/>
  <testcase classname="com.Raffloux.ApiTest.ApiTestCasesPNRaffloux" name="RestApiLoginValidations" time="0.251"/>
  <system-out/>
  <testcase classname="com.Raffloux.ApiTest.ApiTestCasesPNRaffloux" name="RestApiLoginValidations" time="0.280"/>
  <system-out/>
  <testcase classname="com.Raffloux.ApiTest.ApiTestCasesPNRaffloux" name="RestApiLoginValidations" time="0.843"/>
  <system-out/>
  <testcase classname="com.Raffloux.ApiTest.ApiTestCasesPNRaffloux" name="RestApiLoginValidations" time="0.249"/>
  <system-out/>
  <testcase classname="com.Raffloux.ApiTest.ApiTestCasesPNRaffloux" name="RestApiLoginValidations" time="0.582"/>
  <system-out/>
  <testcase classname="com.Raffloux.ApiTest.ApiTestCasesPNRaffloux" name="RestApiLoginValidations" time="0.334"/>
  <system-out/>
  <testcase classname="com.Raffloux.ApiTest.ApiTestCasesPNRaffloux" name="RestApiLoginValidations" time="45.635">
    <error message="
[public void com.Raffloux.ApiTest.ApiTestCasesPNRaffloux.RestApiLoginValidations(java.lang.String,java.lang.String,java.lang.String,java.lang.String,double,java.lang.String)] has no parameters defined but was found to be using a data provider (either explicitly specified or inherited from class level annotation).
Data provider mismatch
Method: RestApiLoginValidations([java.lang.String arg0, java.lang.String arg1, java.lang.String arg2, java.lang.String arg3, double arg4, java.lang.String arg5])
Arguments: [(java.lang.String) Draw Details,(java.lang.String) 87. POST,(java.lang.String) /v1/fetchDrawDetails,(java.lang.String) {
&quot;drawCode&quot;:&quot;22&quot;},(java.lang.Double) 200.0]" type="org.testng.internal.reflect.MethodMatcherException">
      <![CDATA[org.testng.internal.reflect.MethodMatcherException: 
[public void com.Raffloux.ApiTest.ApiTestCasesPNRaffloux.RestApiLoginValidations(java.lang.String,java.lang.String,java.lang.String,java.lang.String,double,java.lang.String)] has no parameters defined but was found to be using a data provider (either explicitly specified or inherited from class level annotation).
Data provider mismatch
Method: RestApiLoginValidations([java.lang.String arg0, java.lang.String arg1, java.lang.String arg2, java.lang.String arg3, double arg4, java.lang.String arg5])
Arguments: [(java.lang.String) Draw Details,(java.lang.String) 87. POST,(java.lang.String) /v1/fetchDrawDetails,(java.lang.String) {
"drawCode":"22"},(java.lang.Double) 200.0]
at org.testng.internal.reflect.DataProviderMethodMatcher.getConformingArguments(DataProviderMethodMatcher.java:46)
at org.testng.internal.Parameters.injectParameters(Parameters.java:909)
at org.testng.internal.invokers.MethodRunner.runInSequence(MethodRunner.java:37)
at org.testng.internal.invokers.TestInvoker$MethodInvocationAgent.invoke(TestInvoker.java:969)
at org.testng.internal.invokers.TestInvoker.invokeTestMethods(TestInvoker.java:194)
at org.testng.internal.invokers.TestMethodWorker.invokeTestMethods(TestMethodWorker.java:148)
at org.testng.internal.invokers.TestMethodWorker.run(TestMethodWorker.java:128)
at java.base/java.util.ArrayList.forEach(ArrayList.java:1511)
at org.testng.TestRunner.privateRun(TestRunner.java:829)
at org.testng.TestRunner.run(TestRunner.java:602)
at org.testng.SuiteRunner.runTest(SuiteRunner.java:437)
at org.testng.SuiteRunner.runSequentially(SuiteRunner.java:431)
at org.testng.SuiteRunner.privateRun(SuiteRunner.java:391)
at org.testng.SuiteRunner.run(SuiteRunner.java:330)
at org.testng.SuiteRunnerWorker.runSuite(SuiteRunnerWorker.java:52)
at org.testng.SuiteRunnerWorker.run(SuiteRunnerWorker.java:95)
at org.testng.TestNG.runSuitesSequentially(TestNG.java:1256)
at org.testng.TestNG.runSuitesLocally(TestNG.java:1176)
at org.testng.TestNG.runSuites(TestNG.java:1099)
at org.testng.TestNG.run(TestNG.java:1067)
at org.testng.remote.AbstractRemoteTestNG.run(AbstractRemoteTestNG.java:115)
at org.testng.remote.RemoteTestNG.initAndRun(RemoteTestNG.java:251)
at org.testng.remote.RemoteTestNG.main(RemoteTestNG.java:77)
]]>
    </error>
  </testcase> <!-- RestApiLoginValidations -->
  <system-out/>
  <testcase classname="com.Raffloux.ApiTest.ApiTestCasesPNRaffloux" name="RestApiLoginValidations" time="0.819"/>
  <system-out/>
  <testcase classname="com.Raffloux.ApiTest.ApiTestCasesPNRaffloux" name="RestApiLoginValidations" time="0.243"/>
  <system-out/>
  <testcase classname="com.Raffloux.ApiTest.ApiTestCasesPNRaffloux" name="RestApiLoginValidations" time="0.535"/>
  <system-out/>
  <testcase classname="com.Raffloux.ApiTest.ApiTestCasesPNRaffloux" name="RestApiLoginValidations" time="0.266"/>
  <system-out/>
  <testcase classname="com.Raffloux.ApiTest.ApiTestCasesPNRaffloux" name="RestApiLoginValidations" time="0.951"/>
  <system-out/>
  <testcase classname="com.Raffloux.ApiTest.ApiTestCasesPNRaffloux" name="RestApiLoginValidations" time="0.319"/>
  <system-out/>
  <testcase classname="com.Raffloux.ApiTest.ApiTestCasesPNRaffloux" name="RestApiLoginValidations" time="0.912"/>
  <system-out/>
  <testcase classname="com.Raffloux.ApiTest.ApiTestCasesPNRaffloux" name="RestApiLoginValidations" time="0.286"/>
  <system-out/>
  <testcase classname="com.Raffloux.ApiTest.ApiTestCasesPNRaffloux" name="RestApiLoginValidations" time="0.558"/>
  <system-out/>
  <testcase classname="com.Raffloux.ApiTest.ApiTestCasesPNRaffloux" name="RestApiLoginValidations" time="0.513"/>
  <system-out/>
  <testcase classname="com.Raffloux.ApiTest.ApiTestCasesPNRaffloux" name="RestApiLoginValidations" time="0.918"/>
  <system-out/>
  <testcase classname="com.Raffloux.ApiTest.ApiTestCasesPNRaffloux" name="RestApiLoginValidations" time="0.246"/>
  <system-out/>
  <testcase classname="com.Raffloux.ApiTest.ApiTestCasesPNRaffloux" name="RestApiLoginValidations" time="0.235"/>
  <system-out/>
  <testcase classname="com.Raffloux.ApiTest.ApiTestCasesPNRaffloux" name="RestApiLoginValidations" time="0.490"/>
  <system-out/>
  <testcase classname="com.Raffloux.ApiTest.ApiTestCasesPNRaffloux" name="RestApiLoginValidations" time="0.716"/>
  <system-out/>
  <testcase classname="com.Raffloux.ApiTest.ApiTestCasesPNRaffloux" name="RestApiLoginValidations" time="0.253"/>
  <system-out/>
  <testcase classname="com.Raffloux.ApiTest.ApiTestCasesPNRaffloux" name="RestApiLoginValidations" time="0.787"/>
  <system-out/>
  <testcase classname="com.Raffloux.ApiTest.ApiTestCasesPNRaffloux" name="RestApiLoginValidations" time="0.255"/>
  <system-out/>
  <testcase classname="com.Raffloux.ApiTest.ApiTestCasesPNRaffloux" name="RestApiLoginValidations" time="0.550"/>
  <system-out/>
  <testcase classname="com.Raffloux.ApiTest.ApiTestCasesPNRaffloux" name="RestApiLoginValidations" time="0.632"/>
  <system-out/>
  <testcase classname="com.Raffloux.ApiTest.ApiTestCasesPNRaffloux" name="RestApiLoginValidations" time="0.852"/>
  <system-out/>
  <testcase classname="com.Raffloux.ApiTest.ApiTestCasesPNRaffloux" name="RestApiLoginValidations" time="1.264"/>
  <system-out/>
  <testcase classname="com.Raffloux.ApiTest.ApiTestCasesPNRaffloux" name="RestApiLoginValidations" time="0.281"/>
  <system-out/>
  <testcase classname="com.Raffloux.ApiTest.ApiTestCasesPNRaffloux" name="RestApiLoginValidations" time="0.691"/>
  <system-out/>
  <testcase classname="com.Raffloux.ApiTest.ApiTestCasesPNRaffloux" name="RestApiLoginValidations" time="0.569"/>
  <system-out/>
  <testcase classname="com.Raffloux.ApiTest.ApiTestCasesPNRaffloux" name="RestApiLoginValidations" time="0.585"/>
  <system-out/>
  <testcase classname="com.Raffloux.ApiTest.ApiTestCasesPNRaffloux" name="RestApiLoginValidations" time="0.276"/>
  <system-out/>
  <testcase classname="com.Raffloux.ApiTest.ApiTestCasesPNRaffloux" name="RestApiLoginValidations" time="0.279"/>
  <system-out/>
  <testcase classname="com.Raffloux.ApiTest.ApiTestCasesPNRaffloux" name="RestApiLoginValidations" time="0.272"/>
  <system-out/>
  <testcase classname="com.Raffloux.ApiTest.ApiTestCasesPNRaffloux" name="RestApiLoginValidations" time="0.277"/>
  <system-out/>
  <testcase classname="com.Raffloux.ApiTest.ApiTestCasesPNRaffloux" name="RestApiLoginValidations" time="0.325"/>
  <system-out/>
  <testcase classname="com.Raffloux.ApiTest.ApiTestCasesPNRaffloux" name="RestApiLoginValidations" time="0.274"/>
  <system-out/>
  <testcase classname="com.Raffloux.ApiTest.ApiTestCasesPNRaffloux" name="RestApiLoginValidations" time="1.258"/>
  <system-out/>
  <testcase classname="com.Raffloux.ApiTest.ApiTestCasesPNRaffloux" name="RestApiLoginValidations" time="0.245"/>
  <system-out/>
</testsuite> <!-- com.Raffloux.ApiTest.ApiTestCasesPNRaffloux -->
