<?xml version="1.0" encoding="UTF-8"?>
<!-- Generated by org.testng.reporters.JUnitReportReporter -->
<testsuite hostname="DESKTOP-QJLSV9M" failures="0" tests="2" name="getrequest.RestAssuredAPITest" time="8.258" errors="0" timestamp="2023-05-02T09:27:30 IST" skipped="0">
  <testcase classname="getrequest.RestAssuredAPITest" name="queryParameter" time="1.959"/>
  <system-out/>
  <testcase classname="getrequest.RestAssuredAPITest" name="GetBooksDetails" time="6.299"/>
  <system-out/>
</testsuite> <!-- getrequest.RestAssuredAPITest -->
