<?xml version="1.0" encoding="UTF-8"?>
<!-- Generated by org.testng.reporters.JUnitReportReporter -->
<testsuite hostname="DESKTOP-QJLSV9M" failures="0" tests="4" name="Practice.com.Excelreaderpractice" time="0.054" errors="0" timestamp="2023-05-06T14:05:43 IST" skipped="0">
  <testcase classname="Practice.com.Excelreaderpractice" name="myTest" time="0.009"/>
  <system-out/>
  <testcase classname="Practice.com.Excelreaderpractice" name="myTest" time="0.008"/>
  <system-out/>
  <testcase classname="Practice.com.Excelreaderpractice" name="myTest" time="0.033"/>
  <system-out/>
  <testcase classname="Practice.com.Excelreaderpractice" name="myTest" time="0.004"/>
  <system-out/>
</testsuite> <!-- Practice.com.Excelreaderpractice -->
