<?xml version="1.0" encoding="UTF-8"?>
<!-- Generated by org.testng.reporters.JUnitReportReporter -->
<testsuite hostname="DESKTOP-QJLSV9M" failures="0" tests="1" name="getrequest.GetData" time="2.217" errors="0" timestamp="2023-04-28T09:32:05 IST" skipped="0">
  <testcase classname="getrequest.GetData" name="testgetresponse" time="2.217"/>
  <system-out/>
</testsuite> <!-- getrequest.GetData -->
