<?xml version="1.0" encoding="UTF-8"?>
<!-- Generated by org.testng.reporters.JUnitReportReporter -->
<testsuite hostname="DESKTOP-QJLSV9M" failures="0" tests="7" name="com.Raffloux.ApiTest.LoginApiPN" time="54.144" errors="0" timestamp="2023-05-31T16:36:58 IST" skipped="0">
  <testcase classname="com.Raffloux.ApiTest.LoginApiPN" name="RafflouxRestApiValidations" time="14.207"/>
  <system-out/>
  <testcase classname="com.Raffloux.ApiTest.LoginApiPN" name="RafflouxRestApiValidations" time="5.627"/>
  <system-out/>
  <testcase classname="com.Raffloux.ApiTest.LoginApiPN" name="RafflouxRestApiValidations" time="7.370"/>
  <system-out/>
  <testcase classname="com.Raffloux.ApiTest.LoginApiPN" name="RafflouxRestApiValidations" time="6.542"/>
  <system-out/>
  <testcase classname="com.Raffloux.ApiTest.LoginApiPN" name="RafflouxRestApiValidations" time="5.606"/>
  <system-out/>
  <testcase classname="com.Raffloux.ApiTest.LoginApiPN" name="RafflouxRestApiValidations" time="9.155"/>
  <system-out/>
  <testcase classname="com.Raffloux.ApiTest.LoginApiPN" name="RafflouxRestApiValidations" time="5.637"/>
  <system-out/>
</testsuite> <!-- com.Raffloux.ApiTest.LoginApiPN -->
