<?xml version="1.0" encoding="UTF-8"?>
<!-- Generated by org.testng.reporters.JUnitReportReporter -->
<testsuite hostname="DESKTOP-QJLSV9M" failures="0" tests="87" name="com.Raffloux.ApiTest.RafflouxApiTestClass" time="985.250" errors="1" timestamp="2023-05-31T16:50:18 IST" skipped="0">
  <testcase classname="com.Raffloux.ApiTest.RafflouxApiTestClass" name="RestApiLoginValidations" time="13.394"/>
  <system-out>
    <![CDATA[Actual Response body =>eyJhbGciOiJIUzI1NiIsInR5cCI6IkpXVCJ9.eyJ1c2VyX2lkIjoxNTEwNjMsInVzZXJfZW1haWwiOiJ2ZWVyYS5yYWdoYXZhbkByaGliaHVzLmNvbSIsInVzZXJfZmlyc3RfbmFtZSI6InZlZXJhIiwidXNlcl9sYXN0X25hbWUiOiJyYWdoYXZhbiIsImlhdCI6MTY4NTUzMTUyOX0._8-7Yoh0M4NdKIzZMmfBGa2AdAcAKx_oge9sun7A2KI=>Expected Response Body is=>eyJ1c2VyX2lkIjoxNTEwNjMsInVzZXJfZW1haWwiOiJ2ZWVyYS5yYWdoYXZhbkByaGliaHVzLmNvbSIsInVzZXJfZmlyc3RfbmFtZSI6InZlZXJhIiwidXNlcl9sYXN0X25hbWUiOiJyYWdoYXZhbiIsImlhdCI6MTY4NTMzMjEwM30]]>
  </system-out>
  <testcase classname="com.Raffloux.ApiTest.RafflouxApiTestClass" name="RestApiLoginValidations" time="5.692"/>
  <system-out/>
  <testcase classname="com.Raffloux.ApiTest.RafflouxApiTestClass" name="RestApiLoginValidations" time="6.320"/>
  <system-out/>
  <testcase classname="com.Raffloux.ApiTest.RafflouxApiTestClass" name="RestApiLoginValidations" time="5.676"/>
  <system-out/>
  <testcase classname="com.Raffloux.ApiTest.RafflouxApiTestClass" name="RestApiLoginValidations" time="6.918"/>
  <system-out/>
  <testcase classname="com.Raffloux.ApiTest.RafflouxApiTestClass" name="RestApiLoginValidations" time="5.777"/>
  <system-out/>
  <testcase classname="com.Raffloux.ApiTest.RafflouxApiTestClass" name="RestApiLoginValidations" time="5.588"/>
  <system-out/>
  <testcase classname="com.Raffloux.ApiTest.RafflouxApiTestClass" name="RestApiLoginValidations" time="5.659"/>
  <system-out/>
  <testcase classname="com.Raffloux.ApiTest.RafflouxApiTestClass" name="RestApiLoginValidations" time="5.836"/>
  <system-out/>
  <testcase classname="com.Raffloux.ApiTest.RafflouxApiTestClass" name="RestApiLoginValidations" time="5.726"/>
  <system-out/>
  <testcase classname="com.Raffloux.ApiTest.RafflouxApiTestClass" name="RestApiLoginValidations" time="5.603"/>
  <system-out/>
  <testcase classname="com.Raffloux.ApiTest.RafflouxApiTestClass" name="RestApiLoginValidations" time="5.664"/>
  <system-out/>
  <testcase classname="com.Raffloux.ApiTest.RafflouxApiTestClass" name="RestApiLoginValidations" time="5.481"/>
  <system-out/>
  <testcase classname="com.Raffloux.ApiTest.RafflouxApiTestClass" name="RestApiLoginValidations" time="6.325"/>
  <system-out/>
  <testcase classname="com.Raffloux.ApiTest.RafflouxApiTestClass" name="RestApiLoginValidations" time="0.526"/>
  <system-out/>
  <testcase classname="com.Raffloux.ApiTest.RafflouxApiTestClass" name="RestApiLoginValidations" time="5.861"/>
  <system-out/>
  <testcase classname="com.Raffloux.ApiTest.RafflouxApiTestClass" name="RestApiLoginValidations" time="6.026"/>
  <system-out/>
  <testcase classname="com.Raffloux.ApiTest.RafflouxApiTestClass" name="RestApiLoginValidations" time="6.106"/>
  <system-out/>
  <testcase classname="com.Raffloux.ApiTest.RafflouxApiTestClass" name="RestApiLoginValidations" time="5.632"/>
  <system-out/>
  <testcase classname="com.Raffloux.ApiTest.RafflouxApiTestClass" name="RestApiLoginValidations" time="5.758"/>
  <system-out/>
  <testcase classname="com.Raffloux.ApiTest.RafflouxApiTestClass" name="RestApiLoginValidations" time="5.998"/>
  <system-out/>
  <testcase classname="com.Raffloux.ApiTest.RafflouxApiTestClass" name="RestApiLoginValidations" time="5.559"/>
  <system-out/>
  <testcase classname="com.Raffloux.ApiTest.RafflouxApiTestClass" name="RestApiLoginValidations" time="6.034"/>
  <system-out/>
  <testcase classname="com.Raffloux.ApiTest.RafflouxApiTestClass" name="RestApiLoginValidations" time="5.999"/>
  <system-out/>
  <testcase classname="com.Raffloux.ApiTest.RafflouxApiTestClass" name="RestApiLoginValidations" time="5.964"/>
  <system-out/>
  <testcase classname="com.Raffloux.ApiTest.RafflouxApiTestClass" name="RestApiLoginValidations" time="5.544"/>
  <system-out/>
  <testcase classname="com.Raffloux.ApiTest.RafflouxApiTestClass" name="RestApiLoginValidations" time="0.566"/>
  <system-out/>
  <testcase classname="com.Raffloux.ApiTest.RafflouxApiTestClass" name="RestApiLoginValidations" time="5.709"/>
  <system-out/>
  <testcase classname="com.Raffloux.ApiTest.RafflouxApiTestClass" name="RestApiLoginValidations" time="5.655"/>
  <system-out/>
  <testcase classname="com.Raffloux.ApiTest.RafflouxApiTestClass" name="RestApiLoginValidations" time="5.591"/>
  <system-out/>
  <testcase classname="com.Raffloux.ApiTest.RafflouxApiTestClass" name="RestApiLoginValidations" time="6.155"/>
  <system-out/>
  <testcase classname="com.Raffloux.ApiTest.RafflouxApiTestClass" name="RestApiLoginValidations" time="5.851"/>
  <system-out/>
  <testcase classname="com.Raffloux.ApiTest.RafflouxApiTestClass" name="RestApiLoginValidations" time="5.984"/>
  <system-out/>
  <testcase classname="com.Raffloux.ApiTest.RafflouxApiTestClass" name="RestApiLoginValidations" time="5.643"/>
  <system-out/>
  <testcase classname="com.Raffloux.ApiTest.RafflouxApiTestClass" name="RestApiLoginValidations" time="5.663"/>
  <system-out/>
  <testcase classname="com.Raffloux.ApiTest.RafflouxApiTestClass" name="RestApiLoginValidations" time="5.859"/>
  <system-out/>
  <testcase classname="com.Raffloux.ApiTest.RafflouxApiTestClass" name="RestApiLoginValidations" time="5.560"/>
  <system-out/>
  <testcase classname="com.Raffloux.ApiTest.RafflouxApiTestClass" name="RestApiLoginValidations" time="5.932"/>
  <system-out/>
  <testcase classname="com.Raffloux.ApiTest.RafflouxApiTestClass" name="RestApiLoginValidations" time="5.862"/>
  <system-out/>
  <testcase classname="com.Raffloux.ApiTest.RafflouxApiTestClass" name="RestApiLoginValidations" time="5.594"/>
  <system-out/>
  <testcase classname="com.Raffloux.ApiTest.RafflouxApiTestClass" name="RestApiLoginValidations" time="5.882"/>
  <system-out/>
  <testcase classname="com.Raffloux.ApiTest.RafflouxApiTestClass" name="RestApiLoginValidations" time="5.825"/>
  <system-out/>
  <testcase classname="com.Raffloux.ApiTest.RafflouxApiTestClass" name="RestApiLoginValidations" time="5.721"/>
  <system-out/>
  <testcase classname="com.Raffloux.ApiTest.RafflouxApiTestClass" name="RestApiLoginValidations" time="5.650"/>
  <system-out/>
  <testcase classname="com.Raffloux.ApiTest.RafflouxApiTestClass" name="RestApiLoginValidations" time="5.578"/>
  <system-out/>
  <testcase classname="com.Raffloux.ApiTest.RafflouxApiTestClass" name="RestApiLoginValidations" time="5.914"/>
  <system-out/>
  <testcase classname="com.Raffloux.ApiTest.RafflouxApiTestClass" name="RestApiLoginValidations" time="5.697"/>
  <system-out/>
  <testcase classname="com.Raffloux.ApiTest.RafflouxApiTestClass" name="RestApiLoginValidations" time="5.858"/>
  <system-out/>
  <testcase classname="com.Raffloux.ApiTest.RafflouxApiTestClass" name="RestApiLoginValidations" time="5.990"/>
  <system-out/>
  <testcase classname="com.Raffloux.ApiTest.RafflouxApiTestClass" name="RestApiLoginValidations" time="5.739"/>
  <system-out/>
  <testcase classname="com.Raffloux.ApiTest.RafflouxApiTestClass" name="RestApiLoginValidations" time="5.630"/>
  <system-out/>
  <testcase classname="com.Raffloux.ApiTest.RafflouxApiTestClass" name="RestApiLoginValidations" time="5.956"/>
  <system-out/>
  <testcase classname="com.Raffloux.ApiTest.RafflouxApiTestClass" name="RestApiLoginValidations" time="6.037"/>
  <system-out/>
  <testcase classname="com.Raffloux.ApiTest.RafflouxApiTestClass" name="RestApiLoginValidations" time="5.631"/>
  <system-out/>
  <testcase classname="com.Raffloux.ApiTest.RafflouxApiTestClass" name="RestApiLoginValidations" time="6.017"/>
  <system-out/>
  <testcase classname="com.Raffloux.ApiTest.RafflouxApiTestClass" name="RestApiLoginValidations" time="5.811"/>
  <system-out/>
  <testcase classname="com.Raffloux.ApiTest.RafflouxApiTestClass" name="RestApiLoginValidations" time="6.109"/>
  <system-out/>
  <testcase classname="com.Raffloux.ApiTest.RafflouxApiTestClass" name="RestApiLoginValidations" time="5.580"/>
  <system-out/>
  <testcase classname="com.Raffloux.ApiTest.RafflouxApiTestClass" name="RestApiLoginValidations" time="5.590"/>
  <system-out/>
  <testcase classname="com.Raffloux.ApiTest.RafflouxApiTestClass" name="RestApiLoginValidations" time="5.838"/>
  <system-out/>
  <testcase classname="com.Raffloux.ApiTest.RafflouxApiTestClass" name="RestApiLoginValidations" time="5.974"/>
  <system-out/>
  <testcase classname="com.Raffloux.ApiTest.RafflouxApiTestClass" name="RestApiLoginValidations" time="5.848"/>
  <system-out/>
  <testcase classname="com.Raffloux.ApiTest.RafflouxApiTestClass" name="RestApiLoginValidations" time="5.611"/>
  <system-out/>
  <testcase classname="com.Raffloux.ApiTest.RafflouxApiTestClass" name="RestApiLoginValidations" time="486.730">
    <error message="
[public void com.Raffloux.ApiTest.RafflouxApiTestClass.RestApiLoginValidations(java.lang.String,java.lang.String,java.lang.String,java.lang.String,java.lang.String,double,java.lang.String)] has no parameters defined but was found to be using a data provider (either explicitly specified or inherited from class level annotation).
Data provider mismatch
Method: RestApiLoginValidations([java.lang.String arg0, java.lang.String arg1, java.lang.String arg2, java.lang.String arg3, java.lang.String arg4, double arg5, java.lang.String arg6])
Arguments: [(java.lang.String) ROW:87,(java.lang.String) Draw Details,(java.lang.String) POST,(java.lang.String) /v1/fetchDrawDetails,(java.lang.String) {
&quot;drawCode&quot;:&quot;22&quot;},(java.lang.Double) 200.0]" type="org.testng.internal.reflect.MethodMatcherException">
      <![CDATA[org.testng.internal.reflect.MethodMatcherException: 
[public void com.Raffloux.ApiTest.RafflouxApiTestClass.RestApiLoginValidations(java.lang.String,java.lang.String,java.lang.String,java.lang.String,java.lang.String,double,java.lang.String)] has no parameters defined but was found to be using a data provider (either explicitly specified or inherited from class level annotation).
Data provider mismatch
Method: RestApiLoginValidations([java.lang.String arg0, java.lang.String arg1, java.lang.String arg2, java.lang.String arg3, java.lang.String arg4, double arg5, java.lang.String arg6])
Arguments: [(java.lang.String) ROW:87,(java.lang.String) Draw Details,(java.lang.String) POST,(java.lang.String) /v1/fetchDrawDetails,(java.lang.String) {
"drawCode":"22"},(java.lang.Double) 200.0]
at org.testng.internal.reflect.DataProviderMethodMatcher.getConformingArguments(DataProviderMethodMatcher.java:46)
at org.testng.internal.Parameters.injectParameters(Parameters.java:909)
at org.testng.internal.invokers.MethodRunner.runInSequence(MethodRunner.java:37)
at org.testng.internal.invokers.TestInvoker$MethodInvocationAgent.invoke(TestInvoker.java:969)
at org.testng.internal.invokers.TestInvoker.invokeTestMethods(TestInvoker.java:194)
at org.testng.internal.invokers.TestMethodWorker.invokeTestMethods(TestMethodWorker.java:148)
at org.testng.internal.invokers.TestMethodWorker.run(TestMethodWorker.java:128)
at java.base/java.util.ArrayList.forEach(ArrayList.java:1511)
at org.testng.TestRunner.privateRun(TestRunner.java:829)
at org.testng.TestRunner.run(TestRunner.java:602)
at org.testng.SuiteRunner.runTest(SuiteRunner.java:437)
at org.testng.SuiteRunner.runSequentially(SuiteRunner.java:431)
at org.testng.SuiteRunner.privateRun(SuiteRunner.java:391)
at org.testng.SuiteRunner.run(SuiteRunner.java:330)
at org.testng.SuiteRunnerWorker.runSuite(SuiteRunnerWorker.java:52)
at org.testng.SuiteRunnerWorker.run(SuiteRunnerWorker.java:95)
at org.testng.TestNG.runSuitesSequentially(TestNG.java:1256)
at org.testng.TestNG.runSuitesLocally(TestNG.java:1176)
at org.testng.TestNG.runSuites(TestNG.java:1099)
at org.testng.TestNG.run(TestNG.java:1067)
at org.testng.remote.AbstractRemoteTestNG.run(AbstractRemoteTestNG.java:115)
at org.testng.remote.RemoteTestNG.initAndRun(RemoteTestNG.java:251)
at org.testng.remote.RemoteTestNG.main(RemoteTestNG.java:77)
]]>
    </error>
  </testcase> <!-- RestApiLoginValidations -->
  <system-out/>
  <testcase classname="com.Raffloux.ApiTest.RafflouxApiTestClass" name="RestApiLoginValidations" time="5.565"/>
  <system-out/>
  <testcase classname="com.Raffloux.ApiTest.RafflouxApiTestClass" name="RestApiLoginValidations" time="5.938"/>
  <system-out/>
  <testcase classname="com.Raffloux.ApiTest.RafflouxApiTestClass" name="RestApiLoginValidations" time="5.673"/>
  <system-out/>
  <testcase classname="com.Raffloux.ApiTest.RafflouxApiTestClass" name="RestApiLoginValidations" time="6.248"/>
  <system-out/>
  <testcase classname="com.Raffloux.ApiTest.RafflouxApiTestClass" name="RestApiLoginValidations" time="5.642"/>
  <system-out/>
  <testcase classname="com.Raffloux.ApiTest.RafflouxApiTestClass" name="RestApiLoginValidations" time="5.728"/>
  <system-out/>
  <testcase classname="com.Raffloux.ApiTest.RafflouxApiTestClass" name="RestApiLoginValidations" time="6.087"/>
  <system-out/>
  <testcase classname="com.Raffloux.ApiTest.RafflouxApiTestClass" name="RestApiLoginValidations" time="5.574"/>
  <system-out/>
  <testcase classname="com.Raffloux.ApiTest.RafflouxApiTestClass" name="RestApiLoginValidations" time="6.166"/>
  <system-out/>
  <testcase classname="com.Raffloux.ApiTest.RafflouxApiTestClass" name="RestApiLoginValidations" time="5.681"/>
  <system-out/>
  <testcase classname="com.Raffloux.ApiTest.RafflouxApiTestClass" name="RestApiLoginValidations" time="6.131"/>
  <system-out/>
  <testcase classname="com.Raffloux.ApiTest.RafflouxApiTestClass" name="RestApiLoginValidations" time="5.624"/>
  <system-out/>
  <testcase classname="com.Raffloux.ApiTest.RafflouxApiTestClass" name="RestApiLoginValidations" time="6.170"/>
  <system-out/>
  <testcase classname="com.Raffloux.ApiTest.RafflouxApiTestClass" name="RestApiLoginValidations" time="6.625"/>
  <system-out/>
  <testcase classname="com.Raffloux.ApiTest.RafflouxApiTestClass" name="RestApiLoginValidations" time="5.707"/>
  <system-out/>
  <testcase classname="com.Raffloux.ApiTest.RafflouxApiTestClass" name="RestApiLoginValidations" time="5.532"/>
  <system-out/>
  <testcase classname="com.Raffloux.ApiTest.RafflouxApiTestClass" name="RestApiLoginValidations" time="5.624"/>
  <system-out/>
  <testcase classname="com.Raffloux.ApiTest.RafflouxApiTestClass" name="RestApiLoginValidations" time="5.964"/>
  <system-out/>
  <testcase classname="com.Raffloux.ApiTest.RafflouxApiTestClass" name="RestApiLoginValidations" time="5.782"/>
  <system-out/>
  <testcase classname="com.Raffloux.ApiTest.RafflouxApiTestClass" name="RestApiLoginValidations" time="6.264"/>
  <system-out/>
  <testcase classname="com.Raffloux.ApiTest.RafflouxApiTestClass" name="RestApiLoginValidations" time="5.663"/>
  <system-out/>
  <testcase classname="com.Raffloux.ApiTest.RafflouxApiTestClass" name="RestApiLoginValidations" time="5.657"/>
  <system-out/>
  <testcase classname="com.Raffloux.ApiTest.RafflouxApiTestClass" name="RestApiLoginValidations" time="5.699"/>
  <system-out/>
</testsuite> <!-- com.Raffloux.ApiTest.RafflouxApiTestClass -->
