<?xml version="1.0" encoding="UTF-8"?>
<!-- Generated by org.testng.reporters.JUnitReportReporter -->
<testsuite hostname="DESKTOP-QJLSV9M" failures="6" tests="6" name="ApiDataDriven.ExcelReaderDataProviderExample" time="5.320" errors="0" timestamp="2023-05-03T12:52:22 IST" skipped="0">
  <testcase classname="ApiDataDriven.ExcelReaderDataProviderExample" name="createUser" time="1.048">
    <failure message="expected [expectedresponsebody] but found [&lt;!DOCTYPE html&gt;
&lt;html&gt;
&lt;head&gt;
&lt;meta http-equiv=&quot;Content-Type&quot; content=&quot;text/html; charset=utf-8&quot; /&gt;
&lt;title&gt;My-Api: The Ultimate SMTP Relay Service&lt;/title&gt;
&lt;link href=&quot;style.css&quot; rel=&quot;stylesheet&quot; type=&quot;text/css&quot;&gt;
&lt;/head&gt;

&lt;body&gt;
&lt;div id=&quot;wrap&quot;&gt;
  &lt;div id=&quot;header&quot;&gt;
    &lt;div class=&quot;inner&quot;&gt;&lt;img src=&quot;slogan.png&quot; width=&quot;445&quot; height=&quot;44&quot; alt=&quot;The Ultimate SMTP Relay Service&quot;/&gt;&lt;/div&gt;
  &lt;/div&gt;
  &lt;div id=&quot;logo&quot;&gt;&lt;img src=&quot;logo.png&quot; width=&quot;343&quot; height=&quot;228&quot; alt=&quot;My-Api&quot;/&gt;&lt;/div&gt;
  &lt;div id=&quot;main&quot;&gt;
    &lt;p&gt;My-Api is the cutting edge email delivery solution which integrates a reliable SMTP delivery service with your email account. This tool lets you send transactional emails, including those from your ecommerce store, with high deliverability rate and advanced statistic features.&lt;/p&gt;
    &lt;p&gt;Convenient SMTP relay that integrates easily with the solutions you&#039;re accustomed to. This high deliverability tool fits right into your email account.&lt;/p&gt;
    &lt;p&gt;With no extra costs involved, you can rest assured that your transactional emails will always be delivered. No more double checking, confusion and complaints from your customers!&lt;/p&gt;
    &lt;p&gt;My-Api equips you with advanced stats, so you and your team can go deep into statistics down to the recipient level.&lt;/p&gt;
    &lt;p class=&quot;alloc&quot;&gt;Why do I need a hosted SMTP service like My-Api?&lt;/p&gt;
    &lt;p&gt;This won&#039;t come as a surprise that many businesses face problems with email deliverability, especially when it comes to emails sent from a website or web applications. Sometimes this also happens to emails sent from desktop clients, like Outlook. The fact gets even more frustrating when it concerns emails sent by your eStore or an eCommerce application, or any other transactional messages. Wouldn&#039;t you want to know where these emails go?&lt;/p&gt;
    &lt;p&gt;My-Api is the answer to this problem as it provides users with high deliverability and advanced tracking, all the way down to the recipient level. This is what technicians call &#039;SMTP relay service&#039;. My-Api provides you with a hosted SMTP server built into your email account. So not only can you use your My-Api email to create and send your email blasts and campaigns, but also for personal and transactional emails. My-Api makes it easy to have it all!&lt;/p&gt;
    &lt;p&gt;Here&#039;s how it works:&lt;/p&gt;
    &lt;ul&gt;
      &lt;li&gt;Set up your eCommerce store to use My-Api as the SMTP server to send automated transactional messages (this includes order confirmations, payment receipts, etc).
      &lt;li&gt;Configure your website or blog (Joomla or Wordpress based) to send emails through My-Api (new post notifications, subscription confirmations etc).
      &lt;li&gt;Configure your email client (Outlook, Bat, iMail etc) to send messages via My-Api.
    &lt;/ul&gt;
  &lt;/div&gt;
  &lt;div id=&quot;space&quot;&gt;&lt;/div&gt;
&lt;/div&gt;
&lt;div id=&quot;footer&quot;&gt;&amp;nbsp;&lt;/div&gt;
&lt;/body&gt;
&lt;/html&gt;]" type="java.lang.AssertionError">
      <![CDATA[java.lang.AssertionError: expected [expectedresponsebody] but found [<!DOCTYPE html>
<html>
<head>
<meta http-equiv="Content-Type" content="text/html; charset=utf-8" />
<title>My-Api: The Ultimate SMTP Relay Service</title>
<link href="style.css" rel="stylesheet" type="text/css">
</head>

<body>
<div id="wrap">
  <div id="header">
    <div class="inner"><img src="slogan.png" width="445" height="44" alt="The Ultimate SMTP Relay Service"/></div>
  </div>
  <div id="logo"><img src="logo.png" width="343" height="228" alt="My-Api"/></div>
  <div id="main">
    <p>My-Api is the cutting edge email delivery solution which integrates a reliable SMTP delivery service with your email account. This tool lets you send transactional emails, including those from your ecommerce store, with high deliverability rate and advanced statistic features.</p>
    <p>Convenient SMTP relay that integrates easily with the solutions you're accustomed to. This high deliverability tool fits right into your email account.</p>
    <p>With no extra costs involved, you can rest assured that your transactional emails will always be delivered. No more double checking, confusion and complaints from your customers!</p>
    <p>My-Api equips you with advanced stats, so you and your team can go deep into statistics down to the recipient level.</p>
    <p class="alloc">Why do I need a hosted SMTP service like My-Api?</p>
    <p>This won't come as a surprise that many businesses face problems with email deliverability, especially when it comes to emails sent from a website or web applications. Sometimes this also happens to emails sent from desktop clients, like Outlook. The fact gets even more frustrating when it concerns emails sent by your eStore or an eCommerce application, or any other transactional messages. Wouldn't you want to know where these emails go?</p>
    <p>My-Api is the answer to this problem as it provides users with high deliverability and advanced tracking, all the way down to the recipient level. This is what technicians call 'SMTP relay service'. My-Api provides you with a hosted SMTP server built into your email account. So not only can you use your My-Api email to create and send your email blasts and campaigns, but also for personal and transactional emails. My-Api makes it easy to have it all!</p>
    <p>Here's how it works:</p>
    <ul>
      <li>Set up your eCommerce store to use My-Api as the SMTP server to send automated transactional messages (this includes order confirmations, payment receipts, etc).
      <li>Configure your website or blog (Joomla or Wordpress based) to send emails through My-Api (new post notifications, subscription confirmations etc).
      <li>Configure your email client (Outlook, Bat, iMail etc) to send messages via My-Api.
    </ul>
  </div>
  <div id="space"></div>
</div>
<div id="footer">&nbsp;</div>
</body>
</html>]
at org.testng.Assert.fail(Assert.java:110)
at org.testng.Assert.failNotEquals(Assert.java:1577)
at org.testng.Assert.assertEqualsImpl(Assert.java:149)
at org.testng.Assert.assertEquals(Assert.java:131)
at org.testng.Assert.assertEquals(Assert.java:655)
at org.testng.Assert.assertEquals(Assert.java:665)
at ApiDataDriven.ExcelReaderDataProviderExample.createUser(ExcelReaderDataProviderExample.java:132)
at java.base/jdk.internal.reflect.DirectMethodHandleAccessor.invoke(DirectMethodHandleAccessor.java:104)
at java.base/java.lang.reflect.Method.invoke(Method.java:578)
at org.testng.internal.invokers.MethodInvocationHelper.invokeMethod(MethodInvocationHelper.java:139)
at org.testng.internal.invokers.TestInvoker.invokeMethod(TestInvoker.java:677)
at org.testng.internal.invokers.TestInvoker.invokeTestMethod(TestInvoker.java:221)
at org.testng.internal.invokers.MethodRunner.runInSequence(MethodRunner.java:50)
at org.testng.internal.invokers.TestInvoker$MethodInvocationAgent.invoke(TestInvoker.java:969)
at org.testng.internal.invokers.TestInvoker.invokeTestMethods(TestInvoker.java:194)
at org.testng.internal.invokers.TestMethodWorker.invokeTestMethods(TestMethodWorker.java:148)
at org.testng.internal.invokers.TestMethodWorker.run(TestMethodWorker.java:128)
at java.base/java.util.ArrayList.forEach(ArrayList.java:1511)
at org.testng.TestRunner.privateRun(TestRunner.java:829)
at org.testng.TestRunner.run(TestRunner.java:602)
at org.testng.SuiteRunner.runTest(SuiteRunner.java:437)
at org.testng.SuiteRunner.runSequentially(SuiteRunner.java:431)
at org.testng.SuiteRunner.privateRun(SuiteRunner.java:391)
at org.testng.SuiteRunner.run(SuiteRunner.java:330)
at org.testng.SuiteRunnerWorker.runSuite(SuiteRunnerWorker.java:52)
at org.testng.SuiteRunnerWorker.run(SuiteRunnerWorker.java:95)
at org.testng.TestNG.runSuitesSequentially(TestNG.java:1256)
at org.testng.TestNG.runSuitesLocally(TestNG.java:1176)
at org.testng.TestNG.runSuites(TestNG.java:1099)
at org.testng.TestNG.run(TestNG.java:1067)
at org.testng.remote.AbstractRemoteTestNG.run(AbstractRemoteTestNG.java:115)
at org.testng.remote.RemoteTestNG.initAndRun(RemoteTestNG.java:251)
at org.testng.remote.RemoteTestNG.main(RemoteTestNG.java:77)
]]>
    </failure>
  </testcase> <!-- createUser -->
  <system-out>
    <![CDATA[request body{ \"name\": \"John\", \"email\": \"john@example.com\" }request url https://my-api.com/userstype of the content application/json
request body{ \"name\": \"John\", \"email\": \"john@example.com\" }request url https://my-api.com/userstype of the content application/json
status code is 200expected200
<!DOCTYPE html>
<html>
<head>
<meta http-equiv="Content-Type" content="text/html; charset=utf-8" />
<title>My-Api: The Ultimate SMTP Relay Service</title>
<link href="style.css" rel="stylesheet" type="text/css">
</head>

<body>
<div id="wrap">
  <div id="header">
    <div class="inner"><img src="slogan.png" width="445" height="44" alt="The Ultimate SMTP Relay Service"/></div>
  </div>
  <div id="logo"><img src="logo.png" width="343" height="228" alt="My-Api"/></div>
  <div id="main">
    <p>My-Api is the cutting edge email delivery solution which integrates a reliable SMTP delivery service with your email account. This tool lets you send transactional emails, including those from your ecommerce store, with high deliverability rate and advanced statistic features.</p>
    <p>Convenient SMTP relay that integrates easily with the solutions you're accustomed to. This high deliverability tool fits right into your email account.</p>
    <p>With no extra costs involved, you can rest assured that your transactional emails will always be delivered. No more double checking, confusion and complaints from your customers!</p>
    <p>My-Api equips you with advanced stats, so you and your team can go deep into statistics down to the recipient level.</p>
    <p class="alloc">Why do I need a hosted SMTP service like My-Api?</p>
    <p>This won't come as a surprise that many businesses face problems with email deliverability, especially when it comes to emails sent from a website or web applications. Sometimes this also happens to emails sent from desktop clients, like Outlook. The fact gets even more frustrating when it concerns emails sent by your eStore or an eCommerce application, or any other transactional messages. Wouldn't you want to know where these emails go?</p>
    <p>My-Api is the answer to this problem as it provides users with high deliverability and advanced tracking, all the way down to the recipient level. This is what technicians call 'SMTP relay service'. My-Api provides you with a hosted SMTP server built into your email account. So not only can you use your My-Api email to create and send your email blasts and campaigns, but also for personal and transactional emails. My-Api makes it easy to have it all!</p>
    <p>Here's how it works:</p>
    <ul>
      <li>Set up your eCommerce store to use My-Api as the SMTP server to send automated transactional messages (this includes order confirmations, payment receipts, etc).
      <li>Configure your website or blog (Joomla or Wordpress based) to send emails through My-Api (new post notifications, subscription confirmations etc).
      <li>Configure your email client (Outlook, Bat, iMail etc) to send messages via My-Api.
    </ul>
  </div>
  <div id="space"></div>
</div>
<div id="footer">&nbsp;</div>
</body>
</html>]]>
  </system-out>
  <testcase classname="ApiDataDriven.ExcelReaderDataProviderExample" name="createUser" time="0.472">
    <failure message="1 expectation failed.
Expected status code &lt;200&gt; but was &lt;400&gt;.
" type="java.lang.AssertionError">
      <![CDATA[java.lang.AssertionError: 1 expectation failed.
Expected status code <200> but was <400>.

at java.base/jdk.internal.reflect.DirectConstructorHandleAccessor.newInstance(DirectConstructorHandleAccessor.java:67)
at java.base/java.lang.reflect.Constructor.newInstanceWithCaller(Constructor.java:500)
at java.base/java.lang.reflect.Constructor.newInstance(Constructor.java:484)
at org.codehaus.groovy.reflection.CachedConstructor.invoke(CachedConstructor.java:73)
at org.codehaus.groovy.runtime.callsite.ConstructorSite$ConstructorSiteNoUnwrapNoCoerce.callConstructor(ConstructorSite.java:108)
at org.codehaus.groovy.runtime.callsite.CallSiteArray.defaultCallConstructor(CallSiteArray.java:57)
at org.codehaus.groovy.runtime.callsite.AbstractCallSite.callConstructor(AbstractCallSite.java:263)
at org.codehaus.groovy.runtime.callsite.AbstractCallSite.callConstructor(AbstractCallSite.java:277)
at io.restassured.internal.ResponseSpecificationImpl$HamcrestAssertionClosure.validate(ResponseSpecificationImpl.groovy:512)
at io.restassured.internal.ResponseSpecificationImpl$HamcrestAssertionClosure$validate$1.call(Unknown Source)
at org.codehaus.groovy.runtime.callsite.CallSiteArray.defaultCall(CallSiteArray.java:45)
at org.codehaus.groovy.runtime.callsite.AbstractCallSite.call(AbstractCallSite.java:125)
at org.codehaus.groovy.runtime.callsite.AbstractCallSite.call(AbstractCallSite.java:139)
at io.restassured.internal.ResponseSpecificationImpl.validateResponseIfRequired(ResponseSpecificationImpl.groovy:696)
at io.restassured.internal.ResponseSpecificationImpl.this$2$validateResponseIfRequired(ResponseSpecificationImpl.groovy)
at java.base/jdk.internal.reflect.DirectMethodHandleAccessor.invoke(DirectMethodHandleAccessor.java:104)
at java.base/java.lang.reflect.Method.invoke(Method.java:578)
at org.codehaus.groovy.runtime.callsite.PlainObjectMetaMethodSite.doInvoke(PlainObjectMetaMethodSite.java:43)
at org.codehaus.groovy.runtime.callsite.PogoMetaMethodSite$PogoCachedMethodSiteNoUnwrapNoCoerce.invoke(PogoMetaMethodSite.java:198)
at org.codehaus.groovy.runtime.callsite.PogoMetaMethodSite.callCurrent(PogoMetaMethodSite.java:62)
at org.codehaus.groovy.runtime.callsite.CallSiteArray.defaultCallCurrent(CallSiteArray.java:49)
at org.codehaus.groovy.runtime.callsite.AbstractCallSite.callCurrent(AbstractCallSite.java:171)
at org.codehaus.groovy.runtime.callsite.AbstractCallSite.callCurrent(AbstractCallSite.java:185)
at io.restassured.internal.ResponseSpecificationImpl.statusCode(ResponseSpecificationImpl.groovy:135)
at io.restassured.specification.ResponseSpecification$statusCode$0.callCurrent(Unknown Source)
at org.codehaus.groovy.runtime.callsite.CallSiteArray.defaultCallCurrent(CallSiteArray.java:49)
at org.codehaus.groovy.runtime.callsite.AbstractCallSite.callCurrent(AbstractCallSite.java:171)
at org.codehaus.groovy.runtime.callsite.AbstractCallSite.callCurrent(AbstractCallSite.java:185)
at io.restassured.internal.ResponseSpecificationImpl.statusCode(ResponseSpecificationImpl.groovy:143)
at io.restassured.internal.ValidatableResponseOptionsImpl.statusCode(ValidatableResponseOptionsImpl.java:89)
at ApiDataDriven.ExcelReaderDataProviderExample.createUser(ExcelReaderDataProviderExample.java:145)
at java.base/jdk.internal.reflect.DirectMethodHandleAccessor.invoke(DirectMethodHandleAccessor.java:104)
at java.base/java.lang.reflect.Method.invoke(Method.java:578)
at org.testng.internal.invokers.MethodInvocationHelper.invokeMethod(MethodInvocationHelper.java:139)
at org.testng.internal.invokers.TestInvoker.invokeMethod(TestInvoker.java:677)
at org.testng.internal.invokers.TestInvoker.invokeTestMethod(TestInvoker.java:221)
at org.testng.internal.invokers.MethodRunner.runInSequence(MethodRunner.java:50)
at org.testng.internal.invokers.TestInvoker$MethodInvocationAgent.invoke(TestInvoker.java:969)
at org.testng.internal.invokers.TestInvoker.invokeTestMethods(TestInvoker.java:194)
at org.testng.internal.invokers.TestMethodWorker.invokeTestMethods(TestMethodWorker.java:148)
at org.testng.internal.invokers.TestMethodWorker.run(TestMethodWorker.java:128)
at java.base/java.util.ArrayList.forEach(ArrayList.java:1511)
at org.testng.TestRunner.privateRun(TestRunner.java:829)
at org.testng.TestRunner.run(TestRunner.java:602)
at org.testng.SuiteRunner.runTest(SuiteRunner.java:437)
at org.testng.SuiteRunner.runSequentially(SuiteRunner.java:431)
at org.testng.SuiteRunner.privateRun(SuiteRunner.java:391)
at org.testng.SuiteRunner.run(SuiteRunner.java:330)
at org.testng.SuiteRunnerWorker.runSuite(SuiteRunnerWorker.java:52)
at org.testng.SuiteRunnerWorker.run(SuiteRunnerWorker.java:95)
at org.testng.TestNG.runSuitesSequentially(TestNG.java:1256)
at org.testng.TestNG.runSuitesLocally(TestNG.java:1176)
at org.testng.TestNG.runSuites(TestNG.java:1099)
at org.testng.TestNG.run(TestNG.java:1067)
at org.testng.remote.AbstractRemoteTestNG.run(AbstractRemoteTestNG.java:115)
at org.testng.remote.RemoteTestNG.initAndRun(RemoteTestNG.java:251)
at org.testng.remote.RemoteTestNG.main(RemoteTestNG.java:77)
]]>
    </failure>
  </testcase> <!-- createUser -->
  <system-out>
    <![CDATA[request body{ \"name\": \"John Smith\", \"email\": \"john.smith@example.com\" }request url https://reqres.in/api/users/3type of the content application/json]]>
  </system-out>
  <testcase classname="ApiDataDriven.ExcelReaderDataProviderExample" name="createUser" time="0.384">
    <failure message="expected [200] but found [415]" type="java.lang.AssertionError">
      <![CDATA[java.lang.AssertionError: expected [200] but found [415]
at org.testng.Assert.fail(Assert.java:110)
at org.testng.Assert.failNotEquals(Assert.java:1577)
at org.testng.Assert.assertEqualsImpl(Assert.java:149)
at org.testng.Assert.assertEquals(Assert.java:131)
at org.testng.Assert.assertEquals(Assert.java:1418)
at org.testng.Assert.assertEquals(Assert.java:1382)
at org.testng.Assert.assertEquals(Assert.java:1428)
at ApiDataDriven.ExcelReaderDataProviderExample.createUser(ExcelReaderDataProviderExample.java:179)
at java.base/jdk.internal.reflect.DirectMethodHandleAccessor.invoke(DirectMethodHandleAccessor.java:104)
at java.base/java.lang.reflect.Method.invoke(Method.java:578)
at org.testng.internal.invokers.MethodInvocationHelper.invokeMethod(MethodInvocationHelper.java:139)
at org.testng.internal.invokers.TestInvoker.invokeMethod(TestInvoker.java:677)
at org.testng.internal.invokers.TestInvoker.invokeTestMethod(TestInvoker.java:221)
at org.testng.internal.invokers.MethodRunner.runInSequence(MethodRunner.java:50)
at org.testng.internal.invokers.TestInvoker$MethodInvocationAgent.invoke(TestInvoker.java:969)
at org.testng.internal.invokers.TestInvoker.invokeTestMethods(TestInvoker.java:194)
at org.testng.internal.invokers.TestMethodWorker.invokeTestMethods(TestMethodWorker.java:148)
at org.testng.internal.invokers.TestMethodWorker.run(TestMethodWorker.java:128)
at java.base/java.util.ArrayList.forEach(ArrayList.java:1511)
at org.testng.TestRunner.privateRun(TestRunner.java:829)
at org.testng.TestRunner.run(TestRunner.java:602)
at org.testng.SuiteRunner.runTest(SuiteRunner.java:437)
at org.testng.SuiteRunner.runSequentially(SuiteRunner.java:431)
at org.testng.SuiteRunner.privateRun(SuiteRunner.java:391)
at org.testng.SuiteRunner.run(SuiteRunner.java:330)
at org.testng.SuiteRunnerWorker.runSuite(SuiteRunnerWorker.java:52)
at org.testng.SuiteRunnerWorker.run(SuiteRunnerWorker.java:95)
at org.testng.TestNG.runSuitesSequentially(TestNG.java:1256)
at org.testng.TestNG.runSuitesLocally(TestNG.java:1176)
at org.testng.TestNG.runSuites(TestNG.java:1099)
at org.testng.TestNG.run(TestNG.java:1067)
at org.testng.remote.AbstractRemoteTestNG.run(AbstractRemoteTestNG.java:115)
at org.testng.remote.RemoteTestNG.initAndRun(RemoteTestNG.java:251)
at org.testng.remote.RemoteTestNG.main(RemoteTestNG.java:77)
]]>
    </failure>
  </testcase> <!-- createUser -->
  <system-out>
    <![CDATA[request body""request url https://reqres.in/api/unknown/23type of the content application/json
Actual and expected values are equal.
status code is 415expected200]]>
  </system-out>
  <testcase classname="ApiDataDriven.ExcelReaderDataProviderExample" name="createUser" time="0.414">
    <failure message="expected [200] but found [415]" type="java.lang.AssertionError">
      <![CDATA[java.lang.AssertionError: expected [200] but found [415]
at org.testng.Assert.fail(Assert.java:110)
at org.testng.Assert.failNotEquals(Assert.java:1577)
at org.testng.Assert.assertEqualsImpl(Assert.java:149)
at org.testng.Assert.assertEquals(Assert.java:131)
at org.testng.Assert.assertEquals(Assert.java:1418)
at org.testng.Assert.assertEquals(Assert.java:1382)
at org.testng.Assert.assertEquals(Assert.java:1428)
at ApiDataDriven.ExcelReaderDataProviderExample.createUser(ExcelReaderDataProviderExample.java:179)
at java.base/jdk.internal.reflect.DirectMethodHandleAccessor.invoke(DirectMethodHandleAccessor.java:104)
at java.base/java.lang.reflect.Method.invoke(Method.java:578)
at org.testng.internal.invokers.MethodInvocationHelper.invokeMethod(MethodInvocationHelper.java:139)
at org.testng.internal.invokers.TestInvoker.invokeMethod(TestInvoker.java:677)
at org.testng.internal.invokers.TestInvoker.invokeTestMethod(TestInvoker.java:221)
at org.testng.internal.invokers.MethodRunner.runInSequence(MethodRunner.java:50)
at org.testng.internal.invokers.TestInvoker$MethodInvocationAgent.invoke(TestInvoker.java:969)
at org.testng.internal.invokers.TestInvoker.invokeTestMethods(TestInvoker.java:194)
at org.testng.internal.invokers.TestMethodWorker.invokeTestMethods(TestMethodWorker.java:148)
at org.testng.internal.invokers.TestMethodWorker.run(TestMethodWorker.java:128)
at java.base/java.util.ArrayList.forEach(ArrayList.java:1511)
at org.testng.TestRunner.privateRun(TestRunner.java:829)
at org.testng.TestRunner.run(TestRunner.java:602)
at org.testng.SuiteRunner.runTest(SuiteRunner.java:437)
at org.testng.SuiteRunner.runSequentially(SuiteRunner.java:431)
at org.testng.SuiteRunner.privateRun(SuiteRunner.java:391)
at org.testng.SuiteRunner.run(SuiteRunner.java:330)
at org.testng.SuiteRunnerWorker.runSuite(SuiteRunnerWorker.java:52)
at org.testng.SuiteRunnerWorker.run(SuiteRunnerWorker.java:95)
at org.testng.TestNG.runSuitesSequentially(TestNG.java:1256)
at org.testng.TestNG.runSuitesLocally(TestNG.java:1176)
at org.testng.TestNG.runSuites(TestNG.java:1099)
at org.testng.TestNG.run(TestNG.java:1067)
at org.testng.remote.AbstractRemoteTestNG.run(AbstractRemoteTestNG.java:115)
at org.testng.remote.RemoteTestNG.initAndRun(RemoteTestNG.java:251)
at org.testng.remote.RemoteTestNG.main(RemoteTestNG.java:77)
]]>
    </failure>
  </testcase> <!-- createUser -->
  <system-out>
    <![CDATA[request body""request url https://reqres.in/api/unknowntype of the content application/json
Actual and expected values are equal.
status code is 415expected200]]>
  </system-out>
  <testcase classname="ApiDataDriven.ExcelReaderDataProviderExample" name="createUser" time="2.263">
    <failure message="expected [200] but found [415]" type="java.lang.AssertionError">
      <![CDATA[java.lang.AssertionError: expected [200] but found [415]
at org.testng.Assert.fail(Assert.java:110)
at org.testng.Assert.failNotEquals(Assert.java:1577)
at org.testng.Assert.assertEqualsImpl(Assert.java:149)
at org.testng.Assert.assertEquals(Assert.java:131)
at org.testng.Assert.assertEquals(Assert.java:1418)
at org.testng.Assert.assertEquals(Assert.java:1382)
at org.testng.Assert.assertEquals(Assert.java:1428)
at ApiDataDriven.ExcelReaderDataProviderExample.createUser(ExcelReaderDataProviderExample.java:179)
at java.base/jdk.internal.reflect.DirectMethodHandleAccessor.invoke(DirectMethodHandleAccessor.java:104)
at java.base/java.lang.reflect.Method.invoke(Method.java:578)
at org.testng.internal.invokers.MethodInvocationHelper.invokeMethod(MethodInvocationHelper.java:139)
at org.testng.internal.invokers.TestInvoker.invokeMethod(TestInvoker.java:677)
at org.testng.internal.invokers.TestInvoker.invokeTestMethod(TestInvoker.java:221)
at org.testng.internal.invokers.MethodRunner.runInSequence(MethodRunner.java:50)
at org.testng.internal.invokers.TestInvoker$MethodInvocationAgent.invoke(TestInvoker.java:969)
at org.testng.internal.invokers.TestInvoker.invokeTestMethods(TestInvoker.java:194)
at org.testng.internal.invokers.TestMethodWorker.invokeTestMethods(TestMethodWorker.java:148)
at org.testng.internal.invokers.TestMethodWorker.run(TestMethodWorker.java:128)
at java.base/java.util.ArrayList.forEach(ArrayList.java:1511)
at org.testng.TestRunner.privateRun(TestRunner.java:829)
at org.testng.TestRunner.run(TestRunner.java:602)
at org.testng.SuiteRunner.runTest(SuiteRunner.java:437)
at org.testng.SuiteRunner.runSequentially(SuiteRunner.java:431)
at org.testng.SuiteRunner.privateRun(SuiteRunner.java:391)
at org.testng.SuiteRunner.run(SuiteRunner.java:330)
at org.testng.SuiteRunnerWorker.runSuite(SuiteRunnerWorker.java:52)
at org.testng.SuiteRunnerWorker.run(SuiteRunnerWorker.java:95)
at org.testng.TestNG.runSuitesSequentially(TestNG.java:1256)
at org.testng.TestNG.runSuitesLocally(TestNG.java:1176)
at org.testng.TestNG.runSuites(TestNG.java:1099)
at org.testng.TestNG.run(TestNG.java:1067)
at org.testng.remote.AbstractRemoteTestNG.run(AbstractRemoteTestNG.java:115)
at org.testng.remote.RemoteTestNG.initAndRun(RemoteTestNG.java:251)
at org.testng.remote.RemoteTestNG.main(RemoteTestNG.java:77)
]]>
    </failure>
  </testcase> <!-- createUser -->
  <system-out>
    <![CDATA[request body""request url https://reqres.in/api/users?delay=3type of the content application/json
Actual and expected values are equal.
status code is 415expected200]]>
  </system-out>
  <testcase classname="ApiDataDriven.ExcelReaderDataProviderExample" name="createUser" time="0.739">
    <failure message="expected [200] but found [500]" type="java.lang.AssertionError">
      <![CDATA[java.lang.AssertionError: expected [200] but found [500]
at org.testng.Assert.fail(Assert.java:110)
at org.testng.Assert.failNotEquals(Assert.java:1577)
at org.testng.Assert.assertEqualsImpl(Assert.java:149)
at org.testng.Assert.assertEquals(Assert.java:131)
at org.testng.Assert.assertEquals(Assert.java:1418)
at org.testng.Assert.assertEquals(Assert.java:1382)
at org.testng.Assert.assertEquals(Assert.java:1428)
at ApiDataDriven.ExcelReaderDataProviderExample.createUser(ExcelReaderDataProviderExample.java:179)
at java.base/jdk.internal.reflect.DirectMethodHandleAccessor.invoke(DirectMethodHandleAccessor.java:104)
at java.base/java.lang.reflect.Method.invoke(Method.java:578)
at org.testng.internal.invokers.MethodInvocationHelper.invokeMethod(MethodInvocationHelper.java:139)
at org.testng.internal.invokers.TestInvoker.invokeMethod(TestInvoker.java:677)
at org.testng.internal.invokers.TestInvoker.invokeTestMethod(TestInvoker.java:221)
at org.testng.internal.invokers.MethodRunner.runInSequence(MethodRunner.java:50)
at org.testng.internal.invokers.TestInvoker$MethodInvocationAgent.invoke(TestInvoker.java:969)
at org.testng.internal.invokers.TestInvoker.invokeTestMethods(TestInvoker.java:194)
at org.testng.internal.invokers.TestMethodWorker.invokeTestMethods(TestMethodWorker.java:148)
at org.testng.internal.invokers.TestMethodWorker.run(TestMethodWorker.java:128)
at java.base/java.util.ArrayList.forEach(ArrayList.java:1511)
at org.testng.TestRunner.privateRun(TestRunner.java:829)
at org.testng.TestRunner.run(TestRunner.java:602)
at org.testng.SuiteRunner.runTest(SuiteRunner.java:437)
at org.testng.SuiteRunner.runSequentially(SuiteRunner.java:431)
at org.testng.SuiteRunner.privateRun(SuiteRunner.java:391)
at org.testng.SuiteRunner.run(SuiteRunner.java:330)
at org.testng.SuiteRunnerWorker.runSuite(SuiteRunnerWorker.java:52)
at org.testng.SuiteRunnerWorker.run(SuiteRunnerWorker.java:95)
at org.testng.TestNG.runSuitesSequentially(TestNG.java:1256)
at org.testng.TestNG.runSuitesLocally(TestNG.java:1176)
at org.testng.TestNG.runSuites(TestNG.java:1099)
at org.testng.TestNG.run(TestNG.java:1067)
at org.testng.remote.AbstractRemoteTestNG.run(AbstractRemoteTestNG.java:115)
at org.testng.remote.RemoteTestNG.initAndRun(RemoteTestNG.java:251)
at org.testng.remote.RemoteTestNG.main(RemoteTestNG.java:77)
]]>
    </failure>
  </testcase> <!-- createUser -->
  <system-out>
    <![CDATA[request body""request url https://jsonplaceholder.typicode.com/posts/1type of the content application/json
Actual and expected values are equal.
status code is 500expected200]]>
  </system-out>
</testsuite> <!-- ApiDataDriven.ExcelReaderDataProviderExample -->
