<?xml version="1.0" encoding="UTF-8"?>
<!-- Generated by org.testng.reporters.JUnitReportReporter -->
<testsuite hostname="DESKTOP-QJLSV9M" failures="0" tests="7" name="com.Raffloux.ApiTest.LoginApiPN" time="10.526" errors="0" timestamp="2023-06-05T12:37:15 IST" skipped="0">
  <testcase classname="com.Raffloux.ApiTest.LoginApiPN" name="RafflouxRestApiValidations" time="0.501"/>
  <system-out/>
  <testcase classname="com.Raffloux.ApiTest.LoginApiPN" name="RafflouxRestApiValidations" time="0.488"/>
  <system-out/>
  <testcase classname="com.Raffloux.ApiTest.LoginApiPN" name="RafflouxRestApiValidations" time="3.018"/>
  <system-out/>
  <testcase classname="com.Raffloux.ApiTest.LoginApiPN" name="RafflouxRestApiValidations" time="0.548"/>
  <system-out/>
  <testcase classname="com.Raffloux.ApiTest.LoginApiPN" name="RafflouxRestApiValidations" time="0.239"/>
  <system-out/>
  <testcase classname="com.Raffloux.ApiTest.LoginApiPN" name="RafflouxRestApiValidations" time="5.172"/>
  <system-out/>
  <testcase classname="com.Raffloux.ApiTest.LoginApiPN" name="RafflouxRestApiValidations" time="0.560"/>
  <system-out/>
</testsuite> <!-- com.Raffloux.ApiTest.LoginApiPN -->
